{"numTotalTestSuites":13,"numPassedTestSuites":13,"numFailedTestSuites":0,"numPendingTestSuites":0,"numTotalTests":56,"numPassedTests":56,"numFailedTests":0,"numPendingTests":0,"numTodoTests":0,"snapshot":{"added":0,"failure":false,"filesAdded":0,"filesRemoved":0,"filesRemovedList":[],"filesUnmatched":0,"filesUpdated":0,"matched":0,"total":0,"unchecked":0,"uncheckedKeysByFile":[],"unmatched":0,"updated":0,"didUpdate":false},"startTime":1783587723346,"success":true,"testResults":[{"assertionResults":[{"ancestorTitles":["buildOpen3dSceneNodes"],"fullName":"buildOpen3dSceneNodes maps walls and furniture with stable entity ids","status":"passed","title":"maps walls and furniture with stable entity ids","duration":2.6931999999999334,"failureMessages":[],"meta":{},"tags":[]},{"ancestorTitles":["buildOpen3dSceneNodes"],"fullName":"buildOpen3dSceneNodes omits geometry fields for plain box furniture","status":"passed","title":"omits geometry fields for plain box furniture","duration":0.33969999999999345,"failureMessages":[],"meta":{},"tags":[]},{"ancestorTitles":["buildOpen3dSceneNodes"],"fullName":"buildOpen3dSceneNodes propagates modular geometryMode + modularOptions copy","status":"passed","title":"propagates modular geometryMode + modularOptions copy","duration":0.43869999999992615,"failureMessages":[],"meta":{},"tags":[]},{"ancestorTitles":["buildOpen3dSceneNodes"],"fullName":"buildOpen3dSceneNodes propagates policy-allowed generatedGlbUrl onto furniture node","status":"passed","title":"propagates policy-allowed generatedGlbUrl onto furniture node","duration":0.27500000000009095,"failureMessages":[],"meta":{},"tags":[]},{"ancestorTitles":["buildOpen3dSceneNodes"],"fullName":"buildOpen3dSceneNodes propagates modular fields together with generatedGlbUrl","status":"passed","title":"propagates modular fields together with generatedGlbUrl","duration":0.6774000000000342,"failureMessages":[],"meta":{},"tags":[]},{"ancestorTitles":["buildOpen3dSceneNodes"],"fullName":"buildOpen3dSceneNodes drops designer static meshUrl and blank generatedGlbUrl","status":"passed","title":"drops designer static meshUrl and blank generatedGlbUrl","duration":0.19839999999999236,"failureMessages":[],"meta":{},"tags":[]},{"ancestorTitles":["buildOpen3dSceneNodes"],"fullName":"buildOpen3dSceneNodes prefers generatedGlbUrl over glbUrl and meshUrl","status":"passed","title":"prefers generatedGlbUrl over glbUrl and meshUrl","duration":0.12040000000001783,"failureMessages":[],"meta":{},"tags":[]},{"ancestorTitles":["buildOpen3dSceneNodes"],"fullName":"buildOpen3dSceneNodes applies scale multipliers to furniture dimensions and defaults","status":"passed","title":"applies scale multipliers to furniture dimensions and defaults","duration":0.23070000000006985,"failureMessages":[],"meta":{},"tags":[]},{"ancestorTitles":["buildOpen3dSceneNodes"],"fullName":"buildOpen3dSceneNodes returns [] for empty floors and maps wall center/rotation","status":"passed","title":"returns [] for empty floors and maps wall center/rotation","duration":0.2617999999999938,"failureMessages":[],"meta":{},"tags":[]},{"ancestorTitles":["buildOpen3dSceneNodes"],"fullName":"buildOpen3dSceneNodes converts mm to metres for Three world","status":"passed","title":"converts mm to metres for Three world","duration":0.16390000000001237,"failureMessages":[],"meta":{},"tags":[]}],"startTime":1783587724898,"endTime":1783587724903.2617,"status":"passed","message":"","name":"D:/OandO07072026/site/tests/unit/features/planner/open3d/buildOpen3dSceneNodes.test.ts"},{"assertionResults":[{"ancestorTitles":["furnitureFabricMapper"],"fullName":"furnitureFabricMapper maps entityId from furniture.id and uses default footprint when width/depth omitted","status":"passed","title":"maps entityId from furniture.id and uses default footprint when width/depth omitted","duration":1.891399999999976,"failureMessages":[],"meta":{},"tags":[]},{"ancestorTitles":["furnitureFabricMapper"],"fullName":"furnitureFabricMapper uses explicit width/depth mm and scale for fabric size","status":"passed","title":"uses explicit width/depth mm and scale for fabric size","duration":0.4472000000000662,"failureMessages":[],"meta":{},"tags":[]},{"ancestorTitles":["furnitureFabricMapper"],"fullName":"furnitureFabricMapper round-trips position and rotation through fabric pose (project mm)","status":"passed","title":"round-trips position and rotation through fabric pose (project mm)","duration":0.3550999999999931,"failureMessages":[],"meta":{},"tags":[]},{"ancestorTitles":["furnitureFabricMapper"],"fullName":"furnitureFabricMapper normalizes negative and >360 rotation degrees","status":"passed","title":"normalizes negative and >360 rotation degrees","duration":0.1653999999998632,"failureMessages":[],"meta":{},"tags":[]},{"ancestorTitles":["furnitureFabricMapper"],"fullName":"furnitureFabricMapper marks locked furniture and maps list order","status":"passed","title":"marks locked furniture and maps list order","duration":0.9083000000000538,"failureMessages":[],"meta":{},"tags":[]},{"ancestorTitles":["furnitureFabricMapper"],"fullName":"furnitureFabricMapper furnitureFootprintMm defaults and overrides","status":"passed","title":"furnitureFootprintMm defaults and overrides","duration":0.666700000000219,"failureMessages":[],"meta":{},"tags":[]},{"ancestorTitles":["furnitureFabricMapper"],"fullName":"furnitureFabricMapper read/write entityId on fabric-like carriers","status":"passed","title":"read/write entityId on fabric-like carriers","duration":0.2496000000001004,"failureMessages":[],"meta":{},"tags":[]},{"ancestorTitles":["furnitureFabricMapper"],"fullName":"furnitureFabricMapper preserves entityId after a synthetic drag (left/top change only)","status":"passed","title":"preserves entityId after a synthetic drag (left/top change only)","duration":0.1793999999999869,"failureMessages":[],"meta":{},"tags":[]},{"ancestorTitles":["furnitureFabricMapper"],"fullName":"furnitureFabricMapper uses DEFAULT_FABRIC_STAGE_TRANSFORM when transform is omitted","status":"passed","title":"uses DEFAULT_FABRIC_STAGE_TRANSFORM when transform is omitted","duration":0.2218000000000302,"failureMessages":[],"meta":{},"tags":[]},{"ancestorTitles":["furnitureFabricMapper"],"fullName":"furnitureFabricMapper entityId is furniture.id only — never rewritten on pose round-trip","status":"passed","title":"entityId is furniture.id only — never rewritten on pose round-trip","duration":0.1812999999999647,"failureMessages":[],"meta":{},"tags":[]},{"ancestorTitles":["furnitureFabricMapper"],"fullName":"furnitureFabricMapper maps pose under a non-default pan/zoom transform","status":"passed","title":"maps pose under a non-default pan/zoom transform","duration":0.21720000000004802,"failureMessages":[],"meta":{},"tags":[]},{"ancestorTitles":["furnitureFabricMapper"],"fullName":"furnitureFabricMapper furnitureListToFabricPoses preserves empty list and entity order","status":"passed","title":"furnitureListToFabricPoses preserves empty list and entity order","duration":0.16879999999991924,"failureMessages":[],"meta":{},"tags":[]},{"ancestorTitles":["furnitureFabricMapper"],"fullName":"furnitureFabricMapper readFurnitureEntityId rejects empty string and non-string carriers","status":"passed","title":"readFurnitureEntityId rejects empty string and non-string carriers","duration":0.11050000000000182,"failureMessages":[],"meta":{},"tags":[]},{"ancestorTitles":["isOpen3dFabricFurnitureEnabled"],"fullName":"isOpen3dFabricFurnitureEnabled is false by default and for non-1 values","status":"passed","title":"is false by default and for non-1 values","duration":0.13610000000016953,"failureMessages":[],"meta":{},"tags":[]},{"ancestorTitles":["isOpen3dFabricFurnitureEnabled"],"fullName":"isOpen3dFabricFurnitureEnabled is true only when env is exactly 1","status":"passed","title":"is true only when env is exactly 1","duration":0.05110000000013315,"failureMessages":[],"meta":{},"tags":[]}],"startTime":1783587724908,"endTime":1783587724914.1687,"status":"passed","message":"","name":"D:/OandO07072026/site/tests/unit/features/planner/open3d/canvas-fabric-stage/furnitureFabricMapper.test.ts"},{"assertionResults":[{"ancestorTitles":["pickWallAtPoint / pickWallWithPosition"],"fullName":"pickWallAtPoint / pickWallWithPosition picks a mid-segment point and reports t ≈ 0.5","status":"passed","title":"picks a mid-segment point and reports t ≈ 0.5","duration":1.4961000000000695,"failureMessages":[],"meta":{},"tags":[]},{"ancestorTitles":["pickWallAtPoint / pickWallWithPosition"],"fullName":"pickWallAtPoint / pickWallWithPosition misses when the point is outside tolerance","status":"passed","title":"misses when the point is outside tolerance","duration":0.4233999999999014,"failureMessages":[],"meta":{},"tags":[]},{"ancestorTitles":["pickWallAtPoint / pickWallWithPosition"],"fullName":"pickWallAtPoint / pickWallWithPosition hits exactly at tolerance boundary and misses just beyond","status":"passed","title":"hits exactly at tolerance boundary and misses just beyond","duration":0.20239999999989777,"failureMessages":[],"meta":{},"tags":[]},{"ancestorTitles":["pickWallAtPoint / pickWallWithPosition"],"fullName":"pickWallAtPoint / pickWallWithPosition selects the nearest of two walls within tolerance","status":"passed","title":"selects the nearest of two walls within tolerance","duration":1.1735999999998512,"failureMessages":[],"meta":{},"tags":[]},{"ancestorTitles":["pickWallAtPoint / pickWallWithPosition"],"fullName":"pickWallAtPoint / pickWallWithPosition reports t ≈ 0 and t ≈ 1 at wall endpoints","status":"passed","title":"reports t ≈ 0 and t ≈ 1 at wall endpoints","duration":0.42069999999989705,"failureMessages":[],"meta":{},"tags":[]},{"ancestorTitles":["pickWallAtPoint / pickWallWithPosition"],"fullName":"pickWallAtPoint / pickWallWithPosition picks a diagonal wall and reports t ≈ 0.25 at quarter span","status":"passed","title":"picks a diagonal wall and reports t ≈ 0.25 at quarter span","duration":0.2380000000000564,"failureMessages":[],"meta":{},"tags":[]},{"ancestorTitles":["pickWallAtPoint / pickWallWithPosition"],"fullName":"pickWallAtPoint / pickWallWithPosition clamps t to [0,1] for projections beyond the segment","status":"passed","title":"clamps t to [0,1] for projections beyond the segment","duration":0.3586999999999989,"failureMessages":[],"meta":{},"tags":[]},{"ancestorTitles":["pickWallAtPoint / pickWallWithPosition"],"fullName":"pickWallAtPoint / pickWallWithPosition returns null for empty walls","status":"passed","title":"returns null for empty walls","duration":0.1770000000001346,"failureMessages":[],"meta":{},"tags":[]},{"ancestorTitles":["pickWallAtPoint / pickWallWithPosition"],"fullName":"pickWallAtPoint / pickWallWithPosition handles a degenerate zero-length wall (start === end)","status":"passed","title":"handles a degenerate zero-length wall (start === end)","duration":0.4513000000001739,"failureMessages":[],"meta":{},"tags":[]},{"ancestorTitles":["pickWallAtPoint / pickWallWithPosition"],"fullName":"pickWallAtPoint / pickWallWithPosition prefers the strictly closer wall when both are within tolerance","status":"passed","title":"prefers the strictly closer wall when both are within tolerance","duration":0.26900000000000546,"failureMessages":[],"meta":{},"tags":[]},{"ancestorTitles":["pointInPolygon"],"fullName":"pointInPolygon returns true for a point strictly inside","status":"passed","title":"returns true for a point strictly inside","duration":0.24099999999998545,"failureMessages":[],"meta":{},"tags":[]},{"ancestorTitles":["pointInPolygon"],"fullName":"pointInPolygon returns false for a point outside","status":"passed","title":"returns false for a point outside","duration":0.16529999999988831,"failureMessages":[],"meta":{},"tags":[]},{"ancestorTitles":["pointInPolygon"],"fullName":"pointInPolygon returns false for polygons with fewer than 3 vertices","status":"passed","title":"returns false for polygons with fewer than 3 vertices","duration":0.14479999999980464,"failureMessages":[],"meta":{},"tags":[]},{"ancestorTitles":["pointInPolygon"],"fullName":"pointInPolygon handles a non-convex L-shaped polygon","status":"passed","title":"handles a non-convex L-shaped polygon","duration":0.17249999999989996,"failureMessages":[],"meta":{},"tags":[]},{"ancestorTitles":["getRoomPolygon"],"fullName":"getRoomPolygon returns ordered wall starts when at least 3 walls resolve","status":"passed","title":"returns ordered wall starts when at least 3 walls resolve","duration":0.35199999999986176,"failureMessages":[],"meta":{},"tags":[]},{"ancestorTitles":["getRoomPolygon"],"fullName":"getRoomPolygon returns [] when fewer than 3 vertices resolve","status":"passed","title":"returns [] when fewer than 3 vertices resolve","duration":0.20429999999987558,"failureMessages":[],"meta":{},"tags":[]},{"ancestorTitles":["getRoomPolygon"],"fullName":"getRoomPolygon skips missing wall ids but keeps order of resolved starts","status":"passed","title":"skips missing wall ids but keeps order of resolved starts","duration":0.1797999999998865,"failureMessages":[],"meta":{},"tags":[]}],"startTime":1783587724888,"endTime":1783587724895.2043,"status":"passed","message":"","name":"D:/OandO07072026/site/tests/unit/features/planner/open3d/geometry/canvasPicking.test.ts"},{"assertionResults":[{"ancestorTitles":["projectToScreen / screenToProject"],"fullName":"projectToScreen / screenToProject round-trips project mm through screen space","status":"passed","title":"round-trips project mm through screen space","duration":1.2885000000001128,"failureMessages":[],"meta":{},"tags":[]},{"ancestorTitles":["projectToScreen / screenToProject"],"fullName":"projectToScreen / screenToProject maps origin to (0,0) screen and inverse","status":"passed","title":"maps origin to (0,0) screen and inverse","duration":1.1579000000001543,"failureMessages":[],"meta":{},"tags":[]},{"ancestorTitles":["zoomTransformAt anchor invariance"],"fullName":"zoomTransformAt anchor invariance keeps the world point under the cursor fixed after zoom in/out","status":"passed","title":"keeps the world point under the cursor fixed after zoom in/out","duration":0.3773999999998523,"failureMessages":[],"meta":{},"tags":[]},{"ancestorTitles":["zoomTransformAt anchor invariance"],"fullName":"zoomTransformAt anchor invariance preserves anchor across projectToScreen / screenToProject after zoom clamp","status":"passed","title":"preserves anchor across projectToScreen / screenToProject after zoom clamp","duration":0.5286000000000968,"failureMessages":[],"meta":{},"tags":[]},{"ancestorTitles":["zoomTransformAt anchor invariance"],"fullName":"zoomTransformAt anchor invariance clamps to minimumScale while keeping the cursor world point fixed","status":"passed","title":"clamps to minimumScale while keeping the cursor world point fixed","duration":0.2016000000000986,"failureMessages":[],"meta":{},"tags":[]},{"ancestorTitles":["zoomTransformAt anchor invariance"],"fullName":"zoomTransformAt anchor invariance honours custom min/max scale bounds","status":"passed","title":"honours custom min/max scale bounds","duration":0.14829999999983556,"failureMessages":[],"meta":{},"tags":[]},{"ancestorTitles":["snapDrawingPoint"],"fullName":"snapDrawingPoint returns raw point when suppress is true","status":"passed","title":"returns raw point when suppress is true","duration":0.2929999999998927,"failureMessages":[],"meta":{},"tags":[]},{"ancestorTitles":["snapDrawingPoint"],"fullName":"snapDrawingPoint snaps to nearest endpoint within screen tolerance converted by zoom","status":"passed","title":"snaps to nearest endpoint within screen tolerance converted by zoom","duration":0.20400000000017826,"failureMessages":[],"meta":{},"tags":[]},{"ancestorTitles":["snapDrawingPoint"],"fullName":"snapDrawingPoint exposes targetId when endpointTargets are provided","status":"passed","title":"exposes targetId when endpointTargets are provided","duration":0.2884999999998854,"failureMessages":[],"meta":{},"tags":[]},{"ancestorTitles":["snapDrawingPoint"],"fullName":"snapDrawingPoint grid-snaps when no start and no endpoint is in range","status":"passed","title":"grid-snaps when no start and no endpoint is in range","duration":0.179300000000012,"failureMessages":[],"meta":{},"tags":[]},{"ancestorTitles":["snapDrawingPoint"],"fullName":"snapDrawingPoint grid-snaps when start equals grid point (zero length)","status":"passed","title":"grid-snaps when start equals grid point (zero length)","duration":0.10920000000010077,"failureMessages":[],"meta":{},"tags":[]},{"ancestorTitles":["snapDrawingPoint"],"fullName":"snapDrawingPoint angle-snaps to 45° steps from start when drawing","status":"passed","title":"angle-snaps to 45° steps from start when drawing","duration":0.12609999999995125,"failureMessages":[],"meta":{},"tags":[]},{"ancestorTitles":["snapDrawingPoint"],"fullName":"snapDrawingPoint angle-snaps horizontal when dy is small relative to dx after grid","status":"passed","title":"angle-snaps horizontal when dy is small relative to dx after grid","duration":0.09890000000018517,"failureMessages":[],"meta":{},"tags":[]},{"ancestorTitles":["snapDrawingPoint"],"fullName":"snapDrawingPoint misses endpoints outside tolerance and falls through to grid","status":"passed","title":"misses endpoints outside tolerance and falls through to grid","duration":0.09169999999994616,"failureMessages":[],"meta":{},"tags":[]}],"startTime":1783587724889,"endTime":1783587724895.0989,"status":"passed","message":"","name":"D:/OandO07072026/site/tests/unit/features/planner/open3d/geometry/snapping.test.ts"}]}