{"total": {"lines":{"total":717,"covered":601,"skipped":0,"pct":83.82},"statements":{"total":800,"covered":660,"skipped":0,"pct":82.5},"functions":{"total":134,"covered":104,"skipped":0,"pct":77.61},"branches":{"total":474,"covered":376,"skipped":0,"pct":79.32},"branchesTrue":{"total":0,"covered":0,"skipped":0,"pct":100}}
,"D:\\OandO07072026\\site\\features\\planner\\open3d\\canvas-feasibility\\FeasibilityCanvas.tsx": {"lines":{"total":497,"covered":382,"skipped":0,"pct":76.86},"functions":{"total":83,"covered":53,"skipped":0,"pct":63.85},"statements":{"total":548,"covered":409,"skipped":0,"pct":74.63},"branches":{"total":308,"covered":211,"skipped":0,"pct":68.5}}
,"D:\\OandO07072026\\site\\features\\planner\\open3d\\editor\\useWorkspaceKeyboard.ts": {"lines":{"total":67,"covered":67,"skipped":0,"pct":100},"functions":{"total":8,"covered":8,"skipped":0,"pct":100},"statements":{"total":71,"covered":71,"skipped":0,"pct":100},"branches":{"total":63,"covered":63,"skipped":0,"pct":100}}
,"D:\\OandO07072026\\site\\features\\planner\\open3d\\editor\\workspaceEntityHelpers.ts": {"lines":{"total":66,"covered":65,"skipped":0,"pct":98.48},"functions":{"total":22,"covered":22,"skipped":0,"pct":100},"statements":{"total":80,"covered":79,"skipped":0,"pct":98.75},"branches":{"total":44,"covered":43,"skipped":0,"pct":97.72}}
,"D:\\OandO07072026\\site\\features\\planner\\open3d\\lib\\geometry\\canvasPicking.ts": {"lines":{"total":65,"covered":65,"skipped":0,"pct":100},"functions":{"total":13,"covered":13,"skipped":0,"pct":100},"statements":{"total":73,"covered":73,"skipped":0,"pct":100},"branches":{"total":39,"covered":39,"skipped":0,"pct":100}}
,"D:\\OandO07072026\\site\\features\\planner\\open3d\\store\\history.ts": {"lines":{"total":22,"covered":22,"skipped":0,"pct":100},"functions":{"total":8,"covered":8,"skipped":0,"pct":100},"statements":{"total":28,"covered":28,"skipped":0,"pct":100},"branches":{"total":20,"covered":20,"skipped":0,"pct":100}}
}
