{"numTotalTestSuites":2,"numPassedTestSuites":2,"numFailedTestSuites":0,"numPendingTestSuites":0,"numTotalTests":4,"numPassedTests":4,"numFailedTests":0,"numPendingTests":0,"numTodoTests":0,"snapshot":{"added":0,"failure":false,"filesAdded":0,"filesRemoved":0,"filesRemovedList":[],"filesUnmatched":0,"filesUpdated":0,"matched":0,"total":0,"unchecked":0,"uncheckedKeysByFile":[],"unmatched":0,"updated":0,"didUpdate":false},"startTime":1783757682519,"success":true,"testResults":[{"assertionResults":[{"ancestorTitles":["P01 host wiring (import graph + source)"],"fullName":"P01 host wiring (import graph + source) documents dual entry: guest/canvas hybrid + open3d pilot native","status":"passed","title":"documents dual entry: guest/canvas hybrid + open3d pilot native","duration":2.077199999999948,"failureMessages":[],"meta":{},"tags":[]},{"ancestorTitles":["P01 host wiring (import graph + source)"],"fullName":"P01 host wiring (import graph + source) live route/host sources import the open3d chain (file text, no render)","status":"passed","title":"live route/host sources import the open3d chain (file text, no render)","duration":1.026399999999967,"failureMessages":[],"meta":{},"tags":[]},{"ancestorTitles":["P01 host wiring (import graph + source)"],"fullName":"P01 host wiring (import graph + source) has no live app/planner fabric page tree; next.config redirects fabric → open3d","status":"passed","title":"has no live app/planner fabric page tree; next.config redirects fabric → open3d","duration":0.50649999999996,"failureMessages":[],"meta":{},"tags":[]},{"ancestorTitles":["P01 host wiring (import graph + source)"],"fullName":"P01 host wiring (import graph + source) workspace mounts PlannerCanvasStage as sole live 2-D canvas (Fabric barrel)","status":"passed","title":"workspace mounts PlannerCanvasStage as sole live 2-D canvas (Fabric barrel)","duration":0.6713999999999487,"failureMessages":[],"meta":{},"tags":[]}],"startTime":1783757683697,"endTime":1783757683700.6714,"status":"passed","message":"","name":"D:/OandO07072026/site/tests/unit/features/planner/open3d/hostWiringP01.test.ts"}]}