{"numTotalTestSuites":15,"numPassedTestSuites":15,"numFailedTestSuites":0,"numPendingTestSuites":0,"numTotalTests":24,"numPassedTests":24,"numFailedTests":0,"numPendingTests":0,"numTodoTests":0,"snapshot":{"added":0,"failure":false,"filesAdded":0,"filesRemoved":0,"filesRemovedList":[],"filesUnmatched":0,"filesUpdated":0,"matched":0,"total":0,"unchecked":0,"uncheckedKeysByFile":[],"unmatched":0,"updated":0,"didUpdate":false},"startTime":1783790359622,"success":true,"testResults":[{"assertionResults":[{"ancestorTitles":["Root Configurations","next.config.js"],"fullName":"Root Configurations next.config.js should export a valid next configuration object or function","status":"passed","title":"should export a valid next configuration object or function","duration":2.9216999999998734,"failureMessages":[],"meta":{},"tags":[]},{"ancestorTitles":["Root Configurations","postcss.config.mjs"],"fullName":"Root Configurations postcss.config.mjs should export a valid postcss configuration","status":"passed","title":"should export a valid postcss configuration","duration":34.196100000000115,"failureMessages":[],"meta":{},"tags":[]},{"ancestorTitles":["Root Configurations","vitest.config.ts"],"fullName":"Root Configurations vitest.config.ts should export a valid vitest configuration","status":"passed","title":"should export a valid vitest configuration","duration":0.8760999999999513,"failureMessages":[],"meta":{},"tags":[]},{"ancestorTitles":["Root Configurations","vitest.site.config.ts"],"fullName":"Root Configurations vitest.site.config.ts should export a valid site vitest configuration with matching report paths","status":"passed","title":"should export a valid site vitest configuration with matching report paths","duration":0.5419999999999163,"failureMessages":[],"meta":{},"tags":[]},{"ancestorTitles":["Root Configurations","playwright.config.ts"],"fullName":"Root Configurations playwright.config.ts routes Playwright artifacts under results/","status":"passed","title":"routes Playwright artifacts under results/","duration":0.5685000000003129,"failureMessages":[],"meta":{},"tags":[]}],"startTime":1783790361794,"endTime":1783790361833.5686,"status":"passed","message":"","name":"D:/OandO07072026/site/tests/root-configs.test.ts"},{"assertionResults":[{"ancestorTitles":["publishSvgEditorAction"],"fullName":"publishSvgEditorAction slug \"new\" builds a default descriptor and calls publishDescriptorWithPipeline","status":"passed","title":"slug \"new\" builds a default descriptor and calls publishDescriptorWithPipeline","duration":4.394600000000082,"failureMessages":[],"meta":{},"tags":[]},{"ancestorTitles":["publishSvgEditorAction"],"fullName":"publishSvgEditorAction missing slug returns not found and does not call the pipeline","status":"passed","title":"missing slug returns not found and does not call the pipeline","duration":1.9918000000002394,"failureMessages":[],"meta":{},"tags":[]},{"ancestorTitles":["publishSvgEditorAction"],"fullName":"publishSvgEditorAction valid side-table-001 loads the descriptor and publishes via pipeline","status":"passed","title":"valid side-table-001 loads the descriptor and publishes via pipeline","duration":11.387699999999768,"failureMessages":[],"meta":{},"tags":[]},{"ancestorTitles":["publishSvgEditorAction"],"fullName":"publishSvgEditorAction propagates pipeline failure for a valid existing slug","status":"passed","title":"propagates pipeline failure for a valid existing slug","duration":2.8780000000001564,"failureMessages":[],"meta":{},"tags":[]}],"startTime":1783790362139,"endTime":1783790362159.878,"status":"passed","message":"","name":"D:/OandO07072026/site/tests/unit/admin/svg-editor/publishSvgEditorAction.test.ts"},{"assertionResults":[{"ancestorTitles":["withAuth middleware"],"fullName":"withAuth middleware returns 429 with rate-limit envelope when limited","status":"passed","title":"returns 429 with rate-limit envelope when limited","duration":10.130200000000059,"failureMessages":[],"meta":{},"tags":[]},{"ancestorTitles":["withAuth middleware"],"fullName":"withAuth middleware returns 401 when member auth is required but user is missing","status":"passed","title":"returns 401 when member auth is required but user is missing","duration":1.9879000000000815,"failureMessages":[],"meta":{},"tags":[]},{"ancestorTitles":["withAuth middleware"],"fullName":"withAuth middleware returns 403 when admin role is required but user is only a member","status":"passed","title":"returns 403 when admin role is required but user is only a member","duration":1.448699999999917,"failureMessages":[],"meta":{},"tags":[]},{"ancestorTitles":["withAuth middleware"],"fullName":"withAuth middleware returns 403 when CSRF validation fails on mutating requests","status":"passed","title":"returns 403 when CSRF validation fails on mutating requests","duration":1.2280000000000655,"failureMessages":[],"meta":{},"tags":[]},{"ancestorTitles":["withAuth middleware"],"fullName":"withAuth middleware skips CSRF validation when DEV_AUTH_BYPASS is enabled (mutating + requireCsrf)","status":"passed","title":"skips CSRF validation when DEV_AUTH_BYPASS is enabled (mutating + requireCsrf)","duration":1.4744999999998072,"failureMessages":[],"meta":{},"tags":[]},{"ancestorTitles":["withAuth middleware"],"fullName":"withAuth middleware still enforces CSRF when bypass env is set but NODE_ENV=production without allow flag","status":"passed","title":"still enforces CSRF when bypass env is set but NODE_ENV=production without allow flag","duration":1.003400000000056,"failureMessages":[],"meta":{},"tags":[]},{"ancestorTitles":["withAuth middleware"],"fullName":"withAuth middleware invokes handler with resolved auth context for authenticated admin","status":"passed","title":"invokes handler with resolved auth context for authenticated admin","duration":1.497899999999845,"failureMessages":[],"meta":{},"tags":[]},{"ancestorTitles":["withAuth middleware"],"fullName":"withAuth middleware resolveAuthContext allows guest routes without a session","status":"passed","title":"resolveAuthContext allows guest routes without a session","duration":0.731499999999869,"failureMessages":[],"meta":{},"tags":[]}],"startTime":1783790361979,"endTime":1783790361998.7314,"status":"passed","message":"","name":"D:/OandO07072026/site/tests/unit/lib/api/withAuth.test.ts"},{"assertionResults":[{"ancestorTitles":["DEV_BYPASS_USER"],"fullName":"DEV_BYPASS_USER uses a Postgres-valid UUID (oando_plans.user_id is uuid)","status":"passed","title":"uses a Postgres-valid UUID (oando_plans.user_id is uuid)","duration":3.101799999999912,"failureMessages":[],"meta":{},"tags":[]},{"ancestorTitles":["isDevAuthBypassEnabled"],"fullName":"isDevAuthBypassEnabled 'false by default (development, flag u…'","status":"passed","title":"'false by default (development, flag u…'","duration":0.8546999999998661,"failureMessages":[],"meta":{},"tags":[]},{"ancestorTitles":["isDevAuthBypassEnabled"],"fullName":"isDevAuthBypassEnabled 'true in development when DEV_AUTH_BYP…'","status":"passed","title":"'true in development when DEV_AUTH_BYP…'","duration":0.35459999999966385,"failureMessages":[],"meta":{},"tags":[]},{"ancestorTitles":["isDevAuthBypassEnabled"],"fullName":"isDevAuthBypassEnabled 'false when DEV_AUTH_BYPASS is not exa…'","status":"passed","title":"'false when DEV_AUTH_BYPASS is not exa…'","duration":0.24380000000019209,"failureMessages":[],"meta":{},"tags":[]},{"ancestorTitles":["isDevAuthBypassEnabled"],"fullName":"isDevAuthBypassEnabled 'false in production even with DEV_AUT…'","status":"passed","title":"'false in production even with DEV_AUT…'","duration":0.1756000000000313,"failureMessages":[],"meta":{},"tags":[]},{"ancestorTitles":["resolveAuthContext with bypass"],"fullName":"resolveAuthContext with bypass returns synthetic admin when bypass enabled","status":"passed","title":"returns synthetic admin when bypass enabled","duration":0.5368999999996049,"failureMessages":[],"meta":{},"tags":[]},{"ancestorTitles":["resolveAuthContext with bypass"],"fullName":"resolveAuthContext with bypass still synthesizes admin for member/guest required roles under bypass","status":"passed","title":"still synthesizes admin for member/guest required roles under bypass","duration":0.4212999999999738,"failureMessages":[],"meta":{},"tags":[]}],"startTime":1783790362157,"endTime":1783790362163.5369,"status":"passed","message":"","name":"D:/OandO07072026/site/tests/unit/lib/auth/devAuthBypass.test.ts"}]}