{"numTotalTestSuites":23,"numPassedTestSuites":23,"numFailedTestSuites":0,"numPendingTestSuites":0,"numTotalTests":33,"numPassedTests":33,"numFailedTests":0,"numPendingTests":0,"numTodoTests":0,"snapshot":{"added":0,"failure":false,"filesAdded":0,"filesRemoved":0,"filesRemovedList":[],"filesUnmatched":0,"filesUpdated":0,"matched":0,"total":0,"unchecked":0,"uncheckedKeysByFile":[],"unmatched":0,"updated":0,"didUpdate":false},"startTime":1783263349075,"success":true,"testResults":[{"assertionResults":[{"ancestorTitles":["Phase 1 command and state contracts"],"fullName":"Phase 1 command and state contracts records only successful document commands in history","status":"passed","title":"records only successful document commands in history","duration":2.970100000000002,"failureMessages":[],"meta":{},"tags":[]},{"ancestorTitles":["Phase 1 command and state contracts"],"fullName":"Phase 1 command and state contracts rejects every mutation targeting a locked item","status":"passed","title":"rejects every mutation targeting a locked item","duration":0.9265000000000327,"failureMessages":[],"meta":{},"tags":[]},{"ancestorTitles":["Phase 1 command and state contracts"],"fullName":"Phase 1 command and state contracts normalizes empty, duplicate, and multi-selection contracts","status":"passed","title":"normalizes empty, duplicate, and multi-selection contracts","duration":0.5258000000001175,"failureMessages":[],"meta":{},"tags":[]},{"ancestorTitles":["Phase 1 catalogue contracts"],"fullName":"Phase 1 catalogue contracts ranks with Fuse and produces React Aria collection records","status":"passed","title":"ranks with Fuse and produces React Aria collection records","duration":2.6882000000000517,"failureMessages":[],"meta":{},"tags":[]},{"ancestorTitles":["Phase 1 catalogue contracts"],"fullName":"Phase 1 catalogue contracts uses one validated payload for click and drag placement","status":"passed","title":"uses one validated payload for click and drag placement","duration":2.493600000000015,"failureMessages":[],"meta":{},"tags":[]},{"ancestorTitles":["Phase 1 deterministic persistence"],"fullName":"Phase 1 deterministic persistence serializes deterministically and reloads locked placement data","status":"passed","title":"serializes deterministically and reloads locked placement data","duration":9.773100000000113,"failureMessages":[],"meta":{},"tags":[]}],"startTime":1783263350808,"endTime":1783263350826.7732,"status":"passed","message":"","name":"D:/oandO04072026/site/tests/unit/features/planner/open3d/phase1CommandCatalog.test.ts"},{"assertionResults":[{"ancestorTitles":["planner command wiring — document.update command branch"],"fullName":"planner command wiring — document.update command branch records a functional update and reports noop for an unchanged updater","status":"passed","title":"records a functional update and reports noop for an unchanged updater","duration":2.3801999999998316,"failureMessages":[],"meta":{},"tags":[]},{"ancestorTitles":["planner command wiring — document.update command branch"],"fullName":"planner command wiring — document.update command branch preserves an updater-supplied updatedAt without restamping","status":"passed","title":"preserves an updater-supplied updatedAt without restamping","duration":0.40059999999994034,"failureMessages":[],"meta":{},"tags":[]},{"ancestorTitles":["useWorkspaceCanvas routes every mutation through executePlannerCommand"],"fullName":"useWorkspaceCanvas routes every mutation through executePlannerCommand blocks dispatch mutations targeting a locked item (command-layer gate)","status":"passed","title":"blocks dispatch mutations targeting a locked item (command-layer gate)","duration":12.255200000000059,"failureMessages":[],"meta":{},"tags":[]},{"ancestorTitles":["useWorkspaceCanvas routes every mutation through executePlannerCommand"],"fullName":"useWorkspaceCanvas routes every mutation through executePlannerCommand blocks a locked delete through dispatch but allows adds","status":"passed","title":"blocks a locked delete through dispatch but allows adds","duration":4.010600000000068,"failureMessages":[],"meta":{},"tags":[]},{"ancestorTitles":["useWorkspaceCanvas routes every mutation through executePlannerCommand"],"fullName":"useWorkspaceCanvas routes every mutation through executePlannerCommand routes functional updates through the command layer and records history","status":"passed","title":"routes functional updates through the command layer and records history","duration":1.6784000000000106,"failureMessages":[],"meta":{},"tags":[]},{"ancestorTitles":["useWorkspaceCanvas routes every mutation through executePlannerCommand"],"fullName":"useWorkspaceCanvas routes every mutation through executePlannerCommand undo and redo flow through the command layer","status":"passed","title":"undo and redo flow through the command layer","duration":1.9543999999998505,"failureMessages":[],"meta":{},"tags":[]},{"ancestorTitles":["useWorkspaceCanvas routes every mutation through executePlannerCommand"],"fullName":"useWorkspaceCanvas routes every mutation through executePlannerCommand replaceProject resets history and clears selection","status":"passed","title":"replaceProject resets history and clears selection","duration":2.8840999999999894,"failureMessages":[],"meta":{},"tags":[]}],"startTime":1783263350739,"endTime":1783263350764.884,"status":"passed","message":"","name":"D:/oandO04072026/site/tests/unit/features/planner/open3d/plannerCommandWiring.test.tsx"},{"assertionResults":[{"ancestorTitles":["useWorkspaceCanvas"],"fullName":"useWorkspaceCanvas creates a project, dispatches actions, and supports undo/redo","status":"passed","title":"creates a project, dispatches actions, and supports undo/redo","duration":11.965499999999338,"failureMessages":[],"meta":{},"tags":[]},{"ancestorTitles":["useWorkspaceCanvas"],"fullName":"useWorkspaceCanvas updates selection and applies direct project updates","status":"passed","title":"updates selection and applies direct project updates","duration":1.3109999999996944,"failureMessages":[],"meta":{},"tags":[]},{"ancestorTitles":["useCanvasDrawing"],"fullName":"useCanvasDrawing draws a wall when the segment exceeds the minimum length","status":"passed","title":"draws a wall when the segment exceeds the minimum length","duration":6.573999999999614,"failureMessages":[],"meta":{},"tags":[]},{"ancestorTitles":["useDockingSystem"],"fullName":"useDockingSystem docks, undocks, collapses, moves, resizes, and persists layout","status":"passed","title":"docks, undocks, collapses, moves, resizes, and persists layout","duration":1.882499999999709,"failureMessages":[],"meta":{},"tags":[]},{"ancestorTitles":["useDockingSystem"],"fullName":"useDockingSystem restores layout from localStorage on mount","status":"passed","title":"restores layout from localStorage on mount","duration":0.8527000000003682,"failureMessages":[],"meta":{},"tags":[]},{"ancestorTitles":["TopBar"],"fullName":"TopBar fires view, unit, export, and import callbacks and shows save status","status":"passed","title":"fires view, unit, export, and import callbacks and shows save status","duration":27.689400000000205,"failureMessages":[],"meta":{},"tags":[]},{"ancestorTitles":["PanelContainer"],"fullName":"PanelContainer handles dock, undock, minimize, close, resize, and focus","status":"passed","title":"handles dock, undock, minimize, close, resize, and focus","duration":10.5604000000003,"failureMessages":[],"meta":{},"tags":[]},{"ancestorTitles":["InventoryPanel"],"fullName":"InventoryPanel searches sample inventory and selects an item","status":"passed","title":"searches sample inventory and selects an item","duration":47.505700000000616,"failureMessages":[],"meta":{},"tags":[]},{"ancestorTitles":["PropertiesPanel"],"fullName":"PropertiesPanel shows empty state and wall properties for a selection","status":"passed","title":"shows empty state and wall properties for a selection","duration":6.627700000000004,"failureMessages":[],"meta":{},"tags":[]},{"ancestorTitles":["WorkspaceShell"],"fullName":"WorkspaceShell renders panels, status bar, and toolbar actions","status":"passed","title":"renders panels, status bar, and toolbar actions","duration":1122.2212999999992,"failureMessages":[],"meta":{},"tags":[]},{"ancestorTitles":["TDD editor coverage additions","toolFromShortcutKey (keyboard)"],"fullName":"TDD editor coverage additions toolFromShortcutKey (keyboard) maps shortcut keys to tools","status":"passed","title":"maps shortcut keys to tools","duration":0.4081000000005588,"failureMessages":[],"meta":{},"tags":[]},{"ancestorTitles":["TDD editor coverage additions","toolFromShortcutKey (keyboard)"],"fullName":"TDD editor coverage additions toolFromShortcutKey (keyboard) maps semantic tools onto the existing canvas runtime","status":"passed","title":"maps semantic tools onto the existing canvas runtime","duration":0.10989999999947031,"failureMessages":[],"meta":{},"tags":[]},{"ancestorTitles":["TDD editor coverage additions","useDoorWindowPlacement additional branches (TDD)"],"fullName":"TDD editor coverage additions useDoorWindowPlacement additional branches (TDD) handleWallClick returns result for door and window modes (exercises placement branches)","status":"passed","title":"handleWallClick returns result for door and window modes (exercises placement branches)","duration":1.1853999999984808,"failureMessages":[],"meta":{},"tags":[]},{"ancestorTitles":["TDD editor coverage additions","useDoorWindowPlacement additional branches (TDD)"],"fullName":"TDD editor coverage additions useDoorWindowPlacement additional branches (TDD) edit modes, update/delete and get* cover edit branches","status":"passed","title":"edit modes, update/delete and get* cover edit branches","duration":0.9488000000001193,"failureMessages":[],"meta":{},"tags":[]},{"ancestorTitles":["TDD editor coverage additions","useDoorWindowPlacement additional branches (TDD)"],"fullName":"TDD editor coverage additions useDoorWindowPlacement additional branches (TDD) cancel from placing resets state","status":"passed","title":"cancel from placing resets state","duration":0.5398999999997613,"failureMessages":[],"meta":{},"tags":[]},{"ancestorTitles":["TDD editor coverage additions","useDockingSystem viewport + reset (TDD)"],"fullName":"TDD editor coverage additions useDockingSystem viewport + reset (TDD) detects small viewport tier and handles mobile activePanel logic","status":"passed","title":"detects small viewport tier and handles mobile activePanel logic","duration":0.5780999999988126,"failureMessages":[],"meta":{},"tags":[]},{"ancestorTitles":["TDD editor coverage additions","useDockingSystem viewport + reset (TDD)"],"fullName":"TDD editor coverage additions useDockingSystem viewport + reset (TDD) reset and full cycle covers default restore branches","status":"passed","title":"reset and full cycle covers default restore branches","duration":0.4173000000009779,"failureMessages":[],"meta":{},"tags":[]},{"ancestorTitles":["TDD editor coverage additions","PropertiesPanel more entities (TDD)"],"fullName":"TDD editor coverage additions PropertiesPanel more entities (TDD) renders door and furniture properties (covers render* branches)","status":"passed","title":"renders door and furniture properties (covers render* branches)","duration":8.080100000001039,"failureMessages":[],"meta":{},"tags":[]},{"ancestorTitles":["TDD editor coverage additions","TopBar guest + more (TDD)"],"fullName":"TDD editor coverage additions TopBar guest + more (TDD) hides persist actions for guest accessContext","status":"passed","title":"hides persist actions for guest accessContext","duration":1.4059999999990396,"failureMessages":[],"meta":{},"tags":[]},{"ancestorTitles":["OOPlannerWorkspace (TDD)"],"fullName":"OOPlannerWorkspace (TDD) renders loading then workspace shell for guest (covers hydration + shell wiring)","status":"passed","title":"renders loading then workspace shell for guest (covers hydration + shell wiring)","duration":5.834800000000541,"failureMessages":[],"meta":{},"tags":[]}],"startTime":1783263356313,"endTime":1783263357570.8347,"status":"passed","message":"","name":"D:/oandO04072026/site/tests/unit/features/planner/open3d/workspaceShell.test.tsx"}]}