{"numTotalTestSuites":73,"numPassedTestSuites":73,"numFailedTestSuites":0,"numPendingTestSuites":0,"numTotalTests":225,"numPassedTests":225,"numFailedTests":0,"numPendingTests":0,"numTodoTests":0,"snapshot":{"added":0,"failure":false,"filesAdded":0,"filesRemoved":0,"filesRemovedList":[],"filesUnmatched":0,"filesUpdated":0,"matched":0,"total":0,"unchecked":0,"uncheckedKeysByFile":[],"unmatched":0,"updated":0,"didUpdate":false},"startTime":1783220220665,"success":true,"testResults":[{"assertionResults":[{"ancestorTitles":["03-CAT-03: Unit Conversion","canonicalMmFromCatalogCm"],"fullName":"03-CAT-03: Unit Conversion canonicalMmFromCatalogCm converts cm to mm correctly","status":"passed","title":"converts cm to mm correctly","duration":1.2140999999999167,"failureMessages":[],"meta":{},"tags":[]},{"ancestorTitles":["03-CAT-03: Unit Conversion","canonicalMmFromCatalogCm"],"fullName":"03-CAT-03: Unit Conversion canonicalMmFromCatalogCm rounds fractional cm values","status":"passed","title":"rounds fractional cm values","duration":0.23710000000005493,"failureMessages":[],"meta":{},"tags":[]},{"ancestorTitles":["03-CAT-03: Unit Conversion","canonicalMmFromCatalogCm"],"fullName":"03-CAT-03: Unit Conversion canonicalMmFromCatalogCm returns at least 1 for zero or negative inputs","status":"passed","title":"returns at least 1 for zero or negative inputs","duration":0.14970000000016626,"failureMessages":[],"meta":{},"tags":[]},{"ancestorTitles":["03-CAT-03: Unit Conversion","canonicalDimensionsFromCatalogCm"],"fullName":"03-CAT-03: Unit Conversion canonicalDimensionsFromCatalogCm builds dimensions from cm values","status":"passed","title":"builds dimensions from cm values","duration":0.20610000000010587,"failureMessages":[],"meta":{},"tags":[]},{"ancestorTitles":["03-CAT-03: Unit Conversion","canonicalDimensionsFromCatalogCm"],"fullName":"03-CAT-03: Unit Conversion canonicalDimensionsFromCatalogCm uses default height of 75cm when not provided","status":"passed","title":"uses default height of 75cm when not provided","duration":0.12350000000014916,"failureMessages":[],"meta":{},"tags":[]},{"ancestorTitles":["03-CAT-03: Unit Conversion","canonicalDimensionsFromCatalogCm"],"fullName":"03-CAT-03: Unit Conversion canonicalDimensionsFromCatalogCm preserves seat height and weight when provided","status":"passed","title":"preserves seat height and weight when provided","duration":0.11350000000015825,"failureMessages":[],"meta":{},"tags":[]},{"ancestorTitles":["03-CAT-03: Unit Conversion","display converters"],"fullName":"03-CAT-03: Unit Conversion display converters displayCmFromCanonicalMm converts mm to rounded cm","status":"passed","title":"displayCmFromCanonicalMm converts mm to rounded cm","duration":0.10380000000009204,"failureMessages":[],"meta":{},"tags":[]},{"ancestorTitles":["03-CAT-03: Unit Conversion","display converters"],"fullName":"03-CAT-03: Unit Conversion display converters displayInFromCanonicalMm converts mm to inches","status":"passed","title":"displayInFromCanonicalMm converts mm to inches","duration":0.0989999999999327,"failureMessages":[],"meta":{},"tags":[]},{"ancestorTitles":["03-CAT-03: Unit Conversion","display converters"],"fullName":"03-CAT-03: Unit Conversion display converters displayMFromCanonicalMm converts mm to metres","status":"passed","title":"displayMFromCanonicalMm converts mm to metres","duration":0.12799999999992906,"failureMessages":[],"meta":{},"tags":[]},{"ancestorTitles":["03-CAT-03: Unit Conversion","display converters"],"fullName":"03-CAT-03: Unit Conversion display converters displayFtInFromCanonicalMm converts mm to ft-in","status":"passed","title":"displayFtInFromCanonicalMm converts mm to ft-in","duration":0.14550000000008367,"failureMessages":[],"meta":{},"tags":[]},{"ancestorTitles":["03-CAT-03: Unit Conversion","displayDimensions"],"fullName":"03-CAT-03: Unit Conversion displayDimensions formats in cm","status":"passed","title":"formats in cm","duration":0.1630999999999858,"failureMessages":[],"meta":{},"tags":[]},{"ancestorTitles":["03-CAT-03: Unit Conversion","displayDimensions"],"fullName":"03-CAT-03: Unit Conversion displayDimensions formats in mm","status":"passed","title":"formats in mm","duration":0.07789999999999964,"failureMessages":[],"meta":{},"tags":[]},{"ancestorTitles":["03-CAT-03: Unit Conversion","displayDimensions"],"fullName":"03-CAT-03: Unit Conversion displayDimensions defaults to cm for unknown unit","status":"passed","title":"defaults to cm for unknown unit","duration":0.08549999999991087,"failureMessages":[],"meta":{},"tags":[]},{"ancestorTitles":["03-CAT-03: Unit Conversion","displayDimensions"],"fullName":"03-CAT-03: Unit Conversion displayDimensions handles zero height","status":"passed","title":"handles zero height","duration":0.06829999999990832,"failureMessages":[],"meta":{},"tags":[]},{"ancestorTitles":["03-CAT-03: Unit Conversion","buildAccessibleName"],"fullName":"03-CAT-03: Unit Conversion buildAccessibleName builds accessible name with dimensions","status":"passed","title":"builds accessible name with dimensions","duration":0.10639999999989413,"failureMessages":[],"meta":{},"tags":[]},{"ancestorTitles":["03-CAT-03: Unit Conversion","validateDimensions"],"fullName":"03-CAT-03: Unit Conversion validateDimensions accepts valid dimensions","status":"passed","title":"accepts valid dimensions","duration":0.6872000000000753,"failureMessages":[],"meta":{},"tags":[]},{"ancestorTitles":["03-CAT-03: Unit Conversion","validateDimensions"],"fullName":"03-CAT-03: Unit Conversion validateDimensions rejects negative width","status":"passed","title":"rejects negative width","duration":0.3674999999998363,"failureMessages":[],"meta":{},"tags":[]},{"ancestorTitles":["03-CAT-03: Unit Conversion","validateDimensions"],"fullName":"03-CAT-03: Unit Conversion validateDimensions rejects zero depth","status":"passed","title":"rejects zero depth","duration":0.1045000000001437,"failureMessages":[],"meta":{},"tags":[]},{"ancestorTitles":["03-CAT-03: Unit Conversion","validateDimensions"],"fullName":"03-CAT-03: Unit Conversion validateDimensions rejects NaN values","status":"passed","title":"rejects NaN values","duration":0.07510000000002037,"failureMessages":[],"meta":{},"tags":[]},{"ancestorTitles":["03-CAT-03: Unit Conversion","validateDimensions"],"fullName":"03-CAT-03: Unit Conversion validateDimensions rejects oversized dimensions","status":"passed","title":"rejects oversized dimensions","duration":0.06140000000004875,"failureMessages":[],"meta":{},"tags":[]},{"ancestorTitles":["03-CAT-03: Unit Conversion","validateDimensions"],"fullName":"03-CAT-03: Unit Conversion validateDimensions rejects negative weight","status":"passed","title":"rejects negative weight","duration":0.05709999999999127,"failureMessages":[],"meta":{},"tags":[]},{"ancestorTitles":["03-CAT-03: Unit Conversion","validateDimensions"],"fullName":"03-CAT-03: Unit Conversion validateDimensions accepts null weight (optional)","status":"passed","title":"accepts null weight (optional)","duration":0.056100000000014916,"failureMessages":[],"meta":{},"tags":[]},{"ancestorTitles":["03-CAT-02: Taxonomy","CANONICAL_TAXONOMY"],"fullName":"03-CAT-02: Taxonomy CANONICAL_TAXONOMY has all top-level categories","status":"passed","title":"has all top-level categories","duration":0.15439999999989595,"failureMessages":[],"meta":{},"tags":[]},{"ancestorTitles":["03-CAT-02: Taxonomy","CANONICAL_TAXONOMY"],"fullName":"03-CAT-02: Taxonomy CANONICAL_TAXONOMY Furniture has all subcategories","status":"passed","title":"Furniture has all subcategories","duration":0.07789999999999964,"failureMessages":[],"meta":{},"tags":[]},{"ancestorTitles":["03-CAT-02: Taxonomy","buildTaxonomyPath"],"fullName":"03-CAT-02: Taxonomy buildTaxonomyPath builds path with only category","status":"passed","title":"builds path with only category","duration":0.08169999999995525,"failureMessages":[],"meta":{},"tags":[]},{"ancestorTitles":["03-CAT-02: Taxonomy","buildTaxonomyPath"],"fullName":"03-CAT-02: Taxonomy buildTaxonomyPath builds path with category and subcategory","status":"passed","title":"builds path with category and subcategory","duration":0.053900000000112414,"failureMessages":[],"meta":{},"tags":[]},{"ancestorTitles":["03-CAT-02: Taxonomy","buildTaxonomyPath"],"fullName":"03-CAT-02: Taxonomy buildTaxonomyPath builds full 3-level path","status":"passed","title":"builds full 3-level path","duration":0.07189999999991414,"failureMessages":[],"meta":{},"tags":[]},{"ancestorTitles":["03-CAT-02: Taxonomy","buildTaxonomyPath"],"fullName":"03-CAT-02: Taxonomy buildTaxonomyPath handles empty subcategory","status":"passed","title":"handles empty subcategory","duration":0.05569999999988795,"failureMessages":[],"meta":{},"tags":[]},{"ancestorTitles":["03-CAT-02: Taxonomy","normalizeMaterial"],"fullName":"03-CAT-02: Taxonomy normalizeMaterial maps known marketing names to normalized values","status":"passed","title":"maps known marketing names to normalized values","duration":0.12009999999986576,"failureMessages":[],"meta":{},"tags":[]},{"ancestorTitles":["03-CAT-02: Taxonomy","normalizeMaterial"],"fullName":"03-CAT-02: Taxonomy normalizeMaterial maps Warm Walnut Veneer to Walnut","status":"passed","title":"maps Warm Walnut Veneer to Walnut","duration":0.05690000000004147,"failureMessages":[],"meta":{},"tags":[]},{"ancestorTitles":["03-CAT-02: Taxonomy","normalizeMaterial"],"fullName":"03-CAT-02: Taxonomy normalizeMaterial falls back to input for unknown materials","status":"passed","title":"falls back to input for unknown materials","duration":0.0644999999999527,"failureMessages":[],"meta":{},"tags":[]},{"ancestorTitles":["03-CAT-02: Taxonomy","normalizeMaterial"],"fullName":"03-CAT-02: Taxonomy normalizeMaterial handles empty input","status":"passed","title":"handles empty input","duration":0.07159999999998945,"failureMessages":[],"meta":{},"tags":[]},{"ancestorTitles":["03-CAT-02: Taxonomy","normalizeMaterial"],"fullName":"03-CAT-02: Taxonomy normalizeMaterial maps leather variants correctly","status":"passed","title":"maps leather variants correctly","duration":0.07650000000012369,"failureMessages":[],"meta":{},"tags":[]},{"ancestorTitles":["03-CAT-02: Taxonomy","normalizeColor"],"fullName":"03-CAT-02: Taxonomy normalizeColor resolves color name and hex with normalized family","status":"passed","title":"resolves color name and hex with normalized family","duration":0.13899999999989632,"failureMessages":[],"meta":{},"tags":[]},{"ancestorTitles":["03-CAT-02: Taxonomy","normalizeColor"],"fullName":"03-CAT-02: Taxonomy normalizeColor handles hex with # prefix","status":"passed","title":"handles hex with # prefix","duration":0.05529999999998836,"failureMessages":[],"meta":{},"tags":[]},{"ancestorTitles":["03-CAT-02: Taxonomy","normalizeColor"],"fullName":"03-CAT-02: Taxonomy normalizeColor handles unknown color name","status":"passed","title":"handles unknown color name","duration":0.05079999999998108,"failureMessages":[],"meta":{},"tags":[]},{"ancestorTitles":["03-CAT-02: Taxonomy","normalizeColor"],"fullName":"03-CAT-02: Taxonomy normalizeColor handles empty color name","status":"passed","title":"handles empty color name","duration":0.053699999999935244,"failureMessages":[],"meta":{},"tags":[]},{"ancestorTitles":["03-CAT-02: Taxonomy","isValidRoomTag / isValidStyleTag"],"fullName":"03-CAT-02: Taxonomy isValidRoomTag / isValidStyleTag validates known room tags","status":"passed","title":"validates known room tags","duration":0.08649999999988722,"failureMessages":[],"meta":{},"tags":[]},{"ancestorTitles":["03-CAT-02: Taxonomy","isValidRoomTag / isValidStyleTag"],"fullName":"03-CAT-02: Taxonomy isValidRoomTag / isValidStyleTag validates known style tags","status":"passed","title":"validates known style tags","duration":0.09950000000003456,"failureMessages":[],"meta":{},"tags":[]},{"ancestorTitles":["03-CAT-02: Taxonomy","normalizeAssemblyType"],"fullName":"03-CAT-02: Taxonomy normalizeAssemblyType detects flat-pack","status":"passed","title":"detects flat-pack","duration":0.07769999999982247,"failureMessages":[],"meta":{},"tags":[]},{"ancestorTitles":["03-CAT-02: Taxonomy","normalizeAssemblyType"],"fullName":"03-CAT-02: Taxonomy normalizeAssemblyType detects partial assembly","status":"passed","title":"detects partial assembly","duration":0.06700000000000728,"failureMessages":[],"meta":{},"tags":[]},{"ancestorTitles":["03-CAT-02: Taxonomy","normalizeAssemblyType"],"fullName":"03-CAT-02: Taxonomy normalizeAssemblyType detects fully assembled","status":"passed","title":"detects fully assembled","duration":0.047499999999899956,"failureMessages":[],"meta":{},"tags":[]},{"ancestorTitles":["03-CAT-02: Taxonomy","normalizeAssemblyType"],"fullName":"03-CAT-02: Taxonomy normalizeAssemblyType detects pre-assembled as fully-assembled","status":"passed","title":"detects pre-assembled as fully-assembled","duration":0.05089999999995598,"failureMessages":[],"meta":{},"tags":[]},{"ancestorTitles":["03-CAT-02: Taxonomy","normalizeAssemblyType"],"fullName":"03-CAT-02: Taxonomy normalizeAssemblyType defaults to partial for unknown","status":"passed","title":"defaults to partial for unknown","duration":0.04940000000010514,"failureMessages":[],"meta":{},"tags":[]},{"ancestorTitles":["03-CAT-02: Taxonomy","buildShortName"],"fullName":"03-CAT-02: Taxonomy buildShortName returns name as-is if â‰¤ 30 characters","status":"passed","title":"returns name as-is if â‰¤ 30 characters","duration":0.06729999999993197,"failureMessages":[],"meta":{},"tags":[]},{"ancestorTitles":["03-CAT-02: Taxonomy","buildShortName"],"fullName":"03-CAT-02: Taxonomy buildShortName truncates names > 30 characters with ellipsis","status":"passed","title":"truncates names > 30 characters with ellipsis","duration":0.0546999999999116,"failureMessages":[],"meta":{},"tags":[]},{"ancestorTitles":["03-CAT-02: Taxonomy","buildShortName"],"fullName":"03-CAT-02: Taxonomy buildShortName handles exactly 30 characters","status":"passed","title":"handles exactly 30 characters","duration":0.05289999999990869,"failureMessages":[],"meta":{},"tags":[]},{"ancestorTitles":["03-CAT-05: Asset Validation","validateAssetUrl"],"fullName":"03-CAT-05: Asset Validation validateAssetUrl rejects null/undefined","status":"passed","title":"rejects null/undefined","duration":0.12650000000007822,"failureMessages":[],"meta":{},"tags":[]},{"ancestorTitles":["03-CAT-05: Asset Validation","validateAssetUrl"],"fullName":"03-CAT-05: Asset Validation validateAssetUrl rejects empty string","status":"passed","title":"rejects empty string","duration":0.06950000000006185,"failureMessages":[],"meta":{},"tags":[]},{"ancestorTitles":["03-CAT-05: Asset Validation","validateAssetUrl"],"fullName":"03-CAT-05: Asset Validation validateAssetUrl accepts relative URLs starting with /","status":"passed","title":"accepts relative URLs starting with /","duration":0.0644999999999527,"failureMessages":[],"meta":{},"tags":[]},{"ancestorTitles":["03-CAT-05: Asset Validation","validateAssetUrl"],"fullName":"03-CAT-05: Asset Validation validateAssetUrl accepts relative URLs starting with ./","status":"passed","title":"accepts relative URLs starting with ./","duration":0.07559999999989486,"failureMessages":[],"meta":{},"tags":[]},{"ancestorTitles":["03-CAT-05: Asset Validation","validateAssetUrl"],"fullName":"03-CAT-05: Asset Validation validateAssetUrl rejects HTTP URLs","status":"passed","title":"rejects HTTP URLs","duration":0.1813999999999396,"failureMessages":[],"meta":{},"tags":[]},{"ancestorTitles":["03-CAT-05: Asset Validation","validateAssetUrl"],"fullName":"03-CAT-05: Asset Validation validateAssetUrl rejects non-HTTPS unknown protocols","status":"passed","title":"rejects non-HTTPS unknown protocols","duration":0.06349999999997635,"failureMessages":[],"meta":{},"tags":[]},{"ancestorTitles":["03-CAT-05: Asset Validation","validateAssetUrl"],"fullName":"03-CAT-05: Asset Validation validateAssetUrl rejects malformed URLs","status":"passed","title":"rejects malformed URLs","duration":0.11179999999990287,"failureMessages":[],"meta":{},"tags":[]},{"ancestorTitles":["03-CAT-05: Asset Validation","validateAssetUrl"],"fullName":"03-CAT-05: Asset Validation validateAssetUrl rejects HTTPS URLs from non-allowlisted origins","status":"passed","title":"rejects HTTPS URLs from non-allowlisted origins","duration":0.3308999999999287,"failureMessages":[],"meta":{},"tags":[]},{"ancestorTitles":["03-CAT-05: Asset Validation","validateAssetUrl"],"fullName":"03-CAT-05: Asset Validation validateAssetUrl accepts relative URLs with ../","status":"passed","title":"accepts relative URLs with ../","duration":0.06420000000002801,"failureMessages":[],"meta":{},"tags":[]},{"ancestorTitles":["03-CAT-05: Asset Validation","validateAssetUrls"],"fullName":"03-CAT-05: Asset Validation validateAssetUrls validates multiple URLs","status":"passed","title":"validates multiple URLs","duration":0.2016000000000986,"failureMessages":[],"meta":{},"tags":[]},{"ancestorTitles":["03-CAT-05: Asset Validation","isAssetUrlExpired"],"fullName":"03-CAT-05: Asset Validation isAssetUrlExpired returns false when no timestamp provided","status":"passed","title":"returns false when no timestamp provided","duration":0.09570000000007894,"failureMessages":[],"meta":{},"tags":[]},{"ancestorTitles":["03-CAT-05: Asset Validation","isAssetUrlExpired"],"fullName":"03-CAT-05: Asset Validation isAssetUrlExpired returns false for recent timestamps","status":"passed","title":"returns false for recent timestamps","duration":0.057500000000118234,"failureMessages":[],"meta":{},"tags":[]},{"ancestorTitles":["03-CAT-05: Asset Validation","isAssetUrlExpired"],"fullName":"03-CAT-05: Asset Validation isAssetUrlExpired returns true for expired timestamps","status":"passed","title":"returns true for expired timestamps","duration":0.06750000000010914,"failureMessages":[],"meta":{},"tags":[]},{"ancestorTitles":["03-CAT-05: Asset Validation","isAssetUrlExpired"],"fullName":"03-CAT-05: Asset Validation isAssetUrlExpired respects custom TTL","status":"passed","title":"respects custom TTL","duration":0.06400000000007822,"failureMessages":[],"meta":{},"tags":[]},{"ancestorTitles":["03-CAT-05: Asset Validation","resolveAssetUrl"],"fullName":"03-CAT-05: Asset Validation resolveAssetUrl returns null for null input","status":"passed","title":"returns null for null input","duration":0.09849999999983083,"failureMessages":[],"meta":{},"tags":[]},{"ancestorTitles":["03-CAT-05: Asset Validation","resolveAssetUrl"],"fullName":"03-CAT-05: Asset Validation resolveAssetUrl returns validated relative URL","status":"passed","title":"returns validated relative URL","duration":0.05739999999991596,"failureMessages":[],"meta":{},"tags":[]},{"ancestorTitles":["03-CAT-05: Asset Validation","resolveAssetUrl"],"fullName":"03-CAT-05: Asset Validation resolveAssetUrl returns null for expired URL","status":"passed","title":"returns null for expired URL","duration":0.06559999999990396,"failureMessages":[],"meta":{},"tags":[]},{"ancestorTitles":["03-CAT-05: Asset Validation","resolveAssetUrl"],"fullName":"03-CAT-05: Asset Validation resolveAssetUrl returns null for invalid URL","status":"passed","title":"returns null for invalid URL","duration":0.06860000000006039,"failureMessages":[],"meta":{},"tags":[]},{"ancestorTitles":["03-CAT-05: Asset Validation","addAllowedOrigin / getAllowedOrigins"],"fullName":"03-CAT-05: Asset Validation addAllowedOrigin / getAllowedOrigins adds and retrieves allowed origins","status":"passed","title":"adds and retrieves allowed origins","duration":0.11829999999986285,"failureMessages":[],"meta":{},"tags":[]},{"ancestorTitles":["03-CAT-06a: Fallback Geometry","buildFallbackGeometry"],"fullName":"03-CAT-06a: Fallback Geometry buildFallbackGeometry generates box type fallback","status":"passed","title":"generates box type fallback","duration":0.15390000000002146,"failureMessages":[],"meta":{},"tags":[]},{"ancestorTitles":["03-CAT-06a: Fallback Geometry","buildFallbackGeometry"],"fullName":"03-CAT-06a: Fallback Geometry buildFallbackGeometry matches catalog dimensions","status":"passed","title":"matches catalog dimensions","duration":0.09739999999987958,"failureMessages":[],"meta":{},"tags":[]},{"ancestorTitles":["03-CAT-06a: Fallback Geometry","buildFallbackGeometry"],"fullName":"03-CAT-06a: Fallback Geometry buildFallbackGeometry has accessible name with reason","status":"passed","title":"has accessible name with reason","duration":0.09019999999986794,"failureMessages":[],"meta":{},"tags":[]},{"ancestorTitles":["03-CAT-06a: Fallback Geometry","buildFallbackGeometry"],"fullName":"03-CAT-06a: Fallback Geometry buildFallbackGeometry uses category-specific colors","status":"passed","title":"uses category-specific colors","duration":0.49099999999998545,"failureMessages":[],"meta":{},"tags":[]},{"ancestorTitles":["03-CAT-06a: Fallback Geometry","buildFallbackGeometry"],"fullName":"03-CAT-06a: Fallback Geometry buildFallbackGeometry uses default yellow/red for unknown category","status":"passed","title":"uses default yellow/red for unknown category","duration":0.08789999999999054,"failureMessages":[],"meta":{},"tags":[]},{"ancestorTitles":["03-CAT-06a: Fallback Geometry","buildFallbackGeometry"],"fullName":"03-CAT-06a: Fallback Geometry buildFallbackGeometry preserves optional dimension fields","status":"passed","title":"preserves optional dimension fields","duration":0.08570000000008804,"failureMessages":[],"meta":{},"tags":[]},{"ancestorTitles":["03-CAT-06a: Fallback Geometry","buildImageFallback / buildMeshFallback / buildTextureFallback"],"fullName":"03-CAT-06a: Fallback Geometry buildImageFallback / buildMeshFallback / buildTextureFallback buildImageFallback has type image","status":"passed","title":"buildImageFallback has type image","duration":0.10770000000002256,"failureMessages":[],"meta":{},"tags":[]},{"ancestorTitles":["03-CAT-06a: Fallback Geometry","buildImageFallback / buildMeshFallback / buildTextureFallback"],"fullName":"03-CAT-06a: Fallback Geometry buildImageFallback / buildMeshFallback / buildTextureFallback buildMeshFallback has type mesh","status":"passed","title":"buildMeshFallback has type mesh","duration":0.07739999999989777,"failureMessages":[],"meta":{},"tags":[]},{"ancestorTitles":["03-CAT-06a: Fallback Geometry","buildImageFallback / buildMeshFallback / buildTextureFallback"],"fullName":"03-CAT-06a: Fallback Geometry buildImageFallback / buildMeshFallback / buildTextureFallback buildTextureFallback has type texture","status":"passed","title":"buildTextureFallback has type texture","duration":0.07529999999997017,"failureMessages":[],"meta":{},"tags":[]},{"ancestorTitles":["03-CAT-08: Placement Action","placeCatalogItem"],"fullName":"03-CAT-08: Placement Action placeCatalogItem creates snapshot with product identity","status":"passed","title":"creates snapshot with product identity","duration":1.4143999999998869,"failureMessages":[],"meta":{},"tags":[]},{"ancestorTitles":["03-CAT-08: Placement Action","placeCatalogItem"],"fullName":"03-CAT-08: Placement Action placeCatalogItem preserves variant identity when variant provided","status":"passed","title":"preserves variant identity when variant provided","duration":0.2682000000002063,"failureMessages":[],"meta":{},"tags":[]},{"ancestorTitles":["03-CAT-08: Placement Action","placeCatalogItem"],"fullName":"03-CAT-08: Placement Action placeCatalogItem preserves source provenance metadata","status":"passed","title":"preserves source provenance metadata","duration":0.14370000000008076,"failureMessages":[],"meta":{},"tags":[]},{"ancestorTitles":["03-CAT-08: Placement Action","placeCatalogItem"],"fullName":"03-CAT-08: Placement Action placeCatalogItem preserves mapped catalog identity when placing a planner product","status":"passed","title":"preserves mapped catalog identity when placing a planner product","duration":1.134999999999991,"failureMessages":[],"meta":{},"tags":[]},{"ancestorTitles":["03-CAT-08: Placement Action","placeCatalogItem"],"fullName":"03-CAT-08: Placement Action placeCatalogItem generates unique placement IDs","status":"passed","title":"generates unique placement IDs","duration":0.19239999999990687,"failureMessages":[],"meta":{},"tags":[]},{"ancestorTitles":["03-CAT-08: Placement Action","placeCatalogItem"],"fullName":"03-CAT-08: Placement Action placeCatalogItem placement IDs start with plc- prefix","status":"passed","title":"placement IDs start with plc- prefix","duration":0.18439999999986867,"failureMessages":[],"meta":{},"tags":[]},{"ancestorTitles":["03-CAT-08: Placement Action","placeCatalogItem"],"fullName":"03-CAT-08: Placement Action placeCatalogItem records placedAt as ISO 8601 timestamp","status":"passed","title":"records placedAt as ISO 8601 timestamp","duration":0.5657000000001062,"failureMessages":[],"meta":{},"tags":[]},{"ancestorTitles":["03-CAT-08: Placement Action","placeCatalogItem"],"fullName":"03-CAT-08: Placement Action placeCatalogItem uses default position {0,0} when not specified","status":"passed","title":"uses default position {0,0} when not specified","duration":0.19529999999986103,"failureMessages":[],"meta":{},"tags":[]},{"ancestorTitles":["03-CAT-08: Placement Action","placeCatalogItem"],"fullName":"03-CAT-08: Placement Action placeCatalogItem uses default rotation 0","status":"passed","title":"uses default rotation 0","duration":0.11640000000011241,"failureMessages":[],"meta":{},"tags":[]},{"ancestorTitles":["03-CAT-08: Placement Action","placeCatalogItem"],"fullName":"03-CAT-08: Placement Action placeCatalogItem uses default scale {1,1,1}","status":"passed","title":"uses default scale {1,1,1}","duration":0.12109999999984211,"failureMessages":[],"meta":{},"tags":[]},{"ancestorTitles":["03-CAT-08: Placement Action","placeCatalogItem"],"fullName":"03-CAT-08: Placement Action placeCatalogItem accepts position override","status":"passed","title":"accepts position override","duration":0.10940000000005057,"failureMessages":[],"meta":{},"tags":[]},{"ancestorTitles":["03-CAT-08: Placement Action","placeCatalogItem"],"fullName":"03-CAT-08: Placement Action placeCatalogItem accepts rotation override","status":"passed","title":"accepts rotation override","duration":0.09549999999990177,"failureMessages":[],"meta":{},"tags":[]},{"ancestorTitles":["03-CAT-08: Placement Action","placeCatalogItem"],"fullName":"03-CAT-08: Placement Action placeCatalogItem accepts locked state override","status":"passed","title":"accepts locked state override","duration":0.07609999999999673,"failureMessages":[],"meta":{},"tags":[]},{"ancestorTitles":["03-CAT-08: Placement Action","placeCatalogItem"],"fullName":"03-CAT-08: Placement Action placeCatalogItem accepts material and color overrides","status":"passed","title":"accepts material and color overrides","duration":0.10370000000011714,"failureMessages":[],"meta":{},"tags":[]},{"ancestorTitles":["03-CAT-08: Placement Action","placeCatalogItem"],"fullName":"03-CAT-08: Placement Action placeCatalogItem defaults locked to false","status":"passed","title":"defaults locked to false","duration":0.06310000000007676,"failureMessages":[],"meta":{},"tags":[]},{"ancestorTitles":["03-CAT-08: Placement Action","clickToPlace / dragToPlace / apiPlace"],"fullName":"03-CAT-08: Placement Action clickToPlace / dragToPlace / apiPlace clickToPlace sets placedFrom to click","status":"passed","title":"clickToPlace sets placedFrom to click","duration":0.1146000000001095,"failureMessages":[],"meta":{},"tags":[]},{"ancestorTitles":["03-CAT-08: Placement Action","clickToPlace / dragToPlace / apiPlace"],"fullName":"03-CAT-08: Placement Action clickToPlace / dragToPlace / apiPlace dragToPlace sets placedFrom to drag","status":"passed","title":"dragToPlace sets placedFrom to drag","duration":0.07889999999997599,"failureMessages":[],"meta":{},"tags":[]},{"ancestorTitles":["03-CAT-08: Placement Action","clickToPlace / dragToPlace / apiPlace"],"fullName":"03-CAT-08: Placement Action clickToPlace / dragToPlace / apiPlace apiPlace sets placedFrom to api","status":"passed","title":"apiPlace sets placedFrom to api","duration":0.08169999999995525,"failureMessages":[],"meta":{},"tags":[]},{"ancestorTitles":["03-CAT-08: Placement Action","verifyPlacementIdentity"],"fullName":"03-CAT-08: Placement Action verifyPlacementIdentity returns true when all identity fields match","status":"passed","title":"returns true when all identity fields match","duration":0.09189999999989595,"failureMessages":[],"meta":{},"tags":[]},{"ancestorTitles":["03-CAT-08: Placement Action","verifyPlacementIdentity"],"fullName":"03-CAT-08: Placement Action verifyPlacementIdentity returns false when ID mismatches","status":"passed","title":"returns false when ID mismatches","duration":0.08459999999990941,"failureMessages":[],"meta":{},"tags":[]},{"ancestorTitles":["03-CAT-08: Placement Action","placeCatalogItemInProject"],"fullName":"03-CAT-08: Placement Action placeCatalogItemInProject places through the project mutation shape and preserves source identity","status":"passed","title":"places through the project mutation shape and preserves source identity","duration":0.6006999999999607,"failureMessages":[],"meta":{},"tags":[]},{"ancestorTitles":["03-CAT-07: Recent Items"],"fullName":"03-CAT-07: Recent Items starts empty","status":"passed","title":"starts empty","duration":0.28549999999995634,"failureMessages":[],"meta":{},"tags":[]},{"ancestorTitles":["03-CAT-07: Recent Items"],"fullName":"03-CAT-07: Recent Items adds an item","status":"passed","title":"adds an item","duration":0.2343999999998232,"failureMessages":[],"meta":{},"tags":[]},{"ancestorTitles":["03-CAT-07: Recent Items"],"fullName":"03-CAT-07: Recent Items deduplicates by SKU","status":"passed","title":"deduplicates by SKU","duration":0.12740000000007967,"failureMessages":[],"meta":{},"tags":[]},{"ancestorTitles":["03-CAT-07: Recent Items"],"fullName":"03-CAT-07: Recent Items moves re-added item to front","status":"passed","title":"moves re-added item to front","duration":0.11599999999998545,"failureMessages":[],"meta":{},"tags":[]},{"ancestorTitles":["03-CAT-07: Recent Items"],"fullName":"03-CAT-07: Recent Items enforces max count of 50","status":"passed","title":"enforces max count of 50","duration":1.6885999999999513,"failureMessages":[],"meta":{},"tags":[]},{"ancestorTitles":["03-CAT-07: Recent Items"],"fullName":"03-CAT-07: Recent Items clearRecentItems empties the list","status":"passed","title":"clearRecentItems empties the list","duration":0.20499999999992724,"failureMessages":[],"meta":{},"tags":[]},{"ancestorTitles":["03-CAT-07: Favorites"],"fullName":"03-CAT-07: Favorites starts empty","status":"passed","title":"starts empty","duration":0.1959999999999127,"failureMessages":[],"meta":{},"tags":[]},{"ancestorTitles":["03-CAT-07: Favorites"],"fullName":"03-CAT-07: Favorites adds a favorite","status":"passed","title":"adds a favorite","duration":0.33169999999995525,"failureMessages":[],"meta":{},"tags":[]},{"ancestorTitles":["03-CAT-07: Favorites"],"fullName":"03-CAT-07: Favorites does not duplicate favorites","status":"passed","title":"does not duplicate favorites","duration":0.13570000000004256,"failureMessages":[],"meta":{},"tags":[]},{"ancestorTitles":["03-CAT-07: Favorites"],"fullName":"03-CAT-07: Favorites removes a favorite by ID","status":"passed","title":"removes a favorite by ID","duration":0.15440000000012333,"failureMessages":[],"meta":{},"tags":[]},{"ancestorTitles":["03-CAT-07: Favorites"],"fullName":"03-CAT-07: Favorites filters favorites by category","status":"passed","title":"filters favorites by category","duration":0.16799999999989268,"failureMessages":[],"meta":{},"tags":[]},{"ancestorTitles":["03-CAT-07: Favorites"],"fullName":"03-CAT-07: Favorites removes oldest when exceeding max","status":"passed","title":"removes oldest when exceeding max","duration":11.43100000000004,"failureMessages":[],"meta":{},"tags":[]},{"ancestorTitles":["03-CAT-07: Schema Migration"],"fullName":"03-CAT-07: Schema Migration migrateRecentItemsSchema is idempotent","status":"passed","title":"migrateRecentItemsSchema is idempotent","duration":0.09410000000002583,"failureMessages":[],"meta":{},"tags":[]},{"ancestorTitles":["03-CAT-07: Schema Migration"],"fullName":"03-CAT-07: Schema Migration migrateFavoritesSchema is idempotent","status":"passed","title":"migrateFavoritesSchema is idempotent","duration":0.05370000000016262,"failureMessages":[],"meta":{},"tags":[]},{"ancestorTitles":["03-CAT-07: Recent/Favorites Edge Cases","localStorage error handling"],"fullName":"03-CAT-07: Recent/Favorites Edge Cases localStorage error handling handles localStorage throwing on getItem","status":"passed","title":"handles localStorage throwing on getItem","duration":0.1674000000000433,"failureMessages":[],"meta":{},"tags":[]},{"ancestorTitles":["03-CAT-07: Recent/Favorites Edge Cases","localStorage error handling"],"fullName":"03-CAT-07: Recent/Favorites Edge Cases localStorage error handling handles localStorage throwing on setItem","status":"passed","title":"handles localStorage throwing on setItem","duration":0.18859999999995125,"failureMessages":[],"meta":{},"tags":[]},{"ancestorTitles":["03-CAT-07: Recent/Favorites Edge Cases","schema validation edge cases"],"fullName":"03-CAT-07: Recent/Favorites Edge Cases schema validation edge cases rejects invalid recent items schema","status":"passed","title":"rejects invalid recent items schema","duration":0.12369999999987158,"failureMessages":[],"meta":{},"tags":[]},{"ancestorTitles":["03-CAT-07: Recent/Favorites Edge Cases","schema validation edge cases"],"fullName":"03-CAT-07: Recent/Favorites Edge Cases schema validation edge cases rejects invalid favorites schema","status":"passed","title":"rejects invalid favorites schema","duration":0.139299999999821,"failureMessages":[],"meta":{},"tags":[]},{"ancestorTitles":["03-CAT-07: Recent/Favorites Edge Cases","schema validation edge cases"],"fullName":"03-CAT-07: Recent/Favorites Edge Cases schema validation edge cases handles corrupted JSON in localStorage","status":"passed","title":"handles corrupted JSON in localStorage","duration":0.10950000000002547,"failureMessages":[],"meta":{},"tags":[]},{"ancestorTitles":["03-CAT-06b: Catalog Client","empty client"],"fullName":"03-CAT-06b: Catalog Client empty client isLoaded returns false initially","status":"passed","title":"isLoaded returns false initially","duration":0.14320000000020627,"failureMessages":[],"meta":{},"tags":[]},{"ancestorTitles":["03-CAT-06b: Catalog Client","empty client"],"fullName":"03-CAT-06b: Catalog Client empty client getAll returns empty array","status":"passed","title":"getAll returns empty array","duration":0.0989999999999327,"failureMessages":[],"meta":{},"tags":[]},{"ancestorTitles":["03-CAT-06b: Catalog Client","empty client"],"fullName":"03-CAT-06b: Catalog Client empty client search returns empty result","status":"passed","title":"search returns empty result","duration":0.4453000000000884,"failureMessages":[],"meta":{},"tags":[]},{"ancestorTitles":["03-CAT-06b: Catalog Client","loaded client with items"],"fullName":"03-CAT-06b: Catalog Client loaded client with items isLoaded returns true after load","status":"passed","title":"isLoaded returns true after load","duration":0.4098999999998796,"failureMessages":[],"meta":{},"tags":[]},{"ancestorTitles":["03-CAT-06b: Catalog Client","loaded client with items"],"fullName":"03-CAT-06b: Catalog Client loaded client with items getAll returns all items","status":"passed","title":"getAll returns all items","duration":0.1653000000001157,"failureMessages":[],"meta":{},"tags":[]},{"ancestorTitles":["03-CAT-06b: Catalog Client","loaded client with items"],"fullName":"03-CAT-06b: Catalog Client loaded client with items getById returns correct item","status":"passed","title":"getById returns correct item","duration":0.11879999999996471,"failureMessages":[],"meta":{},"tags":[]},{"ancestorTitles":["03-CAT-06b: Catalog Client","loaded client with items"],"fullName":"03-CAT-06b: Catalog Client loaded client with items getById returns null for missing","status":"passed","title":"getById returns null for missing","duration":0.1092999999998483,"failureMessages":[],"meta":{},"tags":[]},{"ancestorTitles":["03-CAT-06b: Catalog Client","loaded client with items"],"fullName":"03-CAT-06b: Catalog Client loaded client with items getBySlug returns correct item","status":"passed","title":"getBySlug returns correct item","duration":0.10940000000005057,"failureMessages":[],"meta":{},"tags":[]},{"ancestorTitles":["03-CAT-06b: Catalog Client","loaded client with items"],"fullName":"03-CAT-06b: Catalog Client loaded client with items getBySku returns correct item","status":"passed","title":"getBySku returns correct item","duration":0.1047000000000935,"failureMessages":[],"meta":{},"tags":[]},{"ancestorTitles":["03-CAT-06b: Catalog Client","loaded client with items"],"fullName":"03-CAT-06b: Catalog Client loaded client with items getByCategory filters correctly","status":"passed","title":"getByCategory filters correctly","duration":0.15190000000006876,"failureMessages":[],"meta":{},"tags":[]},{"ancestorTitles":["03-CAT-06b: Catalog Client","loaded client with items"],"fullName":"03-CAT-06b: Catalog Client loaded client with items getByRoom filters correctly","status":"passed","title":"getByRoom filters correctly","duration":0.11089999999990141,"failureMessages":[],"meta":{},"tags":[]},{"ancestorTitles":["03-CAT-06b: Catalog Client","loaded client with items"],"fullName":"03-CAT-06b: Catalog Client loaded client with items getByStyle filters correctly","status":"passed","title":"getByStyle filters correctly","duration":0.1193999999998141,"failureMessages":[],"meta":{},"tags":[]},{"ancestorTitles":["03-CAT-06b: Catalog Client","loaded client with items","search"],"fullName":"03-CAT-06b: Catalog Client loaded client with items search finds items by exact name","status":"passed","title":"finds items by exact name","duration":0.45820000000003347,"failureMessages":[],"meta":{},"tags":[]},{"ancestorTitles":["03-CAT-06b: Catalog Client","loaded client with items","search"],"fullName":"03-CAT-06b: Catalog Client loaded client with items search finds items by partial text","status":"passed","title":"finds items by partial text","duration":6.841499999999996,"failureMessages":[],"meta":{},"tags":[]},{"ancestorTitles":["03-CAT-06b: Catalog Client","loaded client with items","search"],"fullName":"03-CAT-06b: Catalog Client loaded client with items search filters by category","status":"passed","title":"filters by category","duration":0.20570000000020627,"failureMessages":[],"meta":{},"tags":[]},{"ancestorTitles":["03-CAT-06b: Catalog Client","loaded client with items","search"],"fullName":"03-CAT-06b: Catalog Client loaded client with items search filters by room","status":"passed","title":"filters by room","duration":0.179300000000012,"failureMessages":[],"meta":{},"tags":[]},{"ancestorTitles":["03-CAT-06b: Catalog Client","loaded client with items","search"],"fullName":"03-CAT-06b: Catalog Client loaded client with items search filters by style","status":"passed","title":"filters by style","duration":0.1554999999998472,"failureMessages":[],"meta":{},"tags":[]},{"ancestorTitles":["03-CAT-06b: Catalog Client","loaded client with items","search"],"fullName":"03-CAT-06b: Catalog Client loaded client with items search filters by dimension range","status":"passed","title":"filters by dimension range","duration":0.15699999999992542,"failureMessages":[],"meta":{},"tags":[]},{"ancestorTitles":["03-CAT-06b: Catalog Client","loaded client with items","search"],"fullName":"03-CAT-06b: Catalog Client loaded client with items search combines text + category filter","status":"passed","title":"combines text + category filter","duration":0.15809999999987667,"failureMessages":[],"meta":{},"tags":[]},{"ancestorTitles":["03-CAT-06b: Catalog Client","loaded client with items","search"],"fullName":"03-CAT-06b: Catalog Client loaded client with items search returns zero results for no match","status":"passed","title":"returns zero results for no match","duration":0.13580000000001746,"failureMessages":[],"meta":{},"tags":[]},{"ancestorTitles":["03-CAT-06b: Catalog Client","loaded client with items","search"],"fullName":"03-CAT-06b: Catalog Client loaded client with items search paginates results","status":"passed","title":"paginates results","duration":0.13859999999999673,"failureMessages":[],"meta":{},"tags":[]},{"ancestorTitles":["03-CAT-06b: Catalog Client","loaded client with items","search"],"fullName":"03-CAT-06b: Catalog Client loaded client with items search cursor pagination navigates to next page","status":"passed","title":"cursor pagination navigates to next page","duration":0.17190000000005057,"failureMessages":[],"meta":{},"tags":[]},{"ancestorTitles":["03-CAT-06b: Catalog Client","loaded client with items","caching"],"fullName":"03-CAT-06b: Catalog Client loaded client with items caching caches search results","status":"passed","title":"caches search results","duration":0.1835000000000946,"failureMessages":[],"meta":{},"tags":[]},{"ancestorTitles":["03-CAT-06b: Catalog Client","loaded client with items","caching"],"fullName":"03-CAT-06b: Catalog Client loaded client with items caching invalidate clears cache","status":"passed","title":"invalidate clears cache","duration":0.22230000000013206,"failureMessages":[],"meta":{},"tags":[]},{"ancestorTitles":["03-CAT-06b: Catalog Client","loaded client with items","sorts"],"fullName":"03-CAT-06b: Catalog Client loaded client with items sorts name-asc sorts alphabetically","status":"passed","title":"name-asc sorts alphabetically","duration":0.11100000000010368,"failureMessages":[],"meta":{},"tags":[]},{"ancestorTitles":["03-CAT-06b: Catalog Client","loaded client with items","sorts"],"fullName":"03-CAT-06b: Catalog Client loaded client with items sorts name-desc sorts reverse alphabetically","status":"passed","title":"name-desc sorts reverse alphabetically","duration":0.10629999999991924,"failureMessages":[],"meta":{},"tags":[]},{"ancestorTitles":["03-CAT-06b: Catalog Client","large catalog performance"],"fullName":"03-CAT-06b: Catalog Client large catalog performance handles 1000 items search under 100ms","status":"passed","title":"handles 1000 items search under 100ms","duration":20.57010000000014,"failureMessages":[],"meta":{},"tags":[]},{"ancestorTitles":["03-CAT-06b: Catalog Client","LRU cache eviction"],"fullName":"03-CAT-06b: Catalog Client LRU cache eviction evicts oldest entries when cache is full","status":"passed","title":"evicts oldest entries when cache is full","duration":0.9067000000000007,"failureMessages":[],"meta":{},"tags":[]},{"ancestorTitles":["03-CAT-06b: Catalog Client","search with material and color filters"],"fullName":"03-CAT-06b: Catalog Client search with material and color filters filters by material","status":"passed","title":"filters by material","duration":0.522899999999936,"failureMessages":[],"meta":{},"tags":[]},{"ancestorTitles":["03-CAT-06b: Catalog Client","search with material and color filters"],"fullName":"03-CAT-06b: Catalog Client search with material and color filters filters by color","status":"passed","title":"filters by color","duration":0.40269999999986794,"failureMessages":[],"meta":{},"tags":[]},{"ancestorTitles":["03-CAT-06b: Catalog Client","search with availability filter"],"fullName":"03-CAT-06b: Catalog Client search with availability filter filters by availability status","status":"passed","title":"filters by availability status","duration":0.4653000000000702,"failureMessages":[],"meta":{},"tags":[]},{"ancestorTitles":["03-CAT-06b: Catalog Client","search with Phase 03A facets"],"fullName":"03-CAT-06b: Catalog Client search with Phase 03A facets filters by configurability, mounting, and asset readiness","status":"passed","title":"filters by configurability, mounting, and asset readiness","duration":0.40069999999991524,"failureMessages":[],"meta":{},"tags":[]},{"ancestorTitles":["03-CAT-06b: Catalog Client","search with Phase 03A facets"],"fullName":"03-CAT-06b: Catalog Client search with Phase 03A facets supports deterministic sortField and sortDirection","status":"passed","title":"supports deterministic sortField and sortDirection","duration":0.2826000000000022,"failureMessages":[],"meta":{},"tags":[]},{"ancestorTitles":["03-CAT-06b: Catalog Client","getSource"],"fullName":"03-CAT-06b: Catalog Client getSource returns null before load","status":"passed","title":"returns null before load","duration":0.10339999999996508,"failureMessages":[],"meta":{},"tags":[]},{"ancestorTitles":["03-CAT-06b: Catalog Client","getSource"],"fullName":"03-CAT-06b: Catalog Client getSource returns the source after load","status":"passed","title":"returns the source after load","duration":0.07360000000016953,"failureMessages":[],"meta":{},"tags":[]},{"ancestorTitles":["03-CAT-06b: Catalog Client","loadFromApi"],"fullName":"03-CAT-06b: Catalog Client loadFromApi loads raw planner catalog rows through the Phase 03 mapper","status":"passed","title":"loads raw planner catalog rows through the Phase 03 mapper","duration":1.6194000000000415,"failureMessages":[],"meta":{},"tags":[]},{"ancestorTitles":["03-CAT-06b: Catalog Client","loadFromApi"],"fullName":"03-CAT-06b: Catalog Client loadFromApi loads already-normalized Open3D catalog envelopes without remapping identity","status":"passed","title":"loads already-normalized Open3D catalog envelopes without remapping identity","duration":0.5190999999999804,"failureMessages":[],"meta":{},"tags":[]},{"ancestorTitles":["03-CAT-06b: Catalog Client","loadFromApi"],"fullName":"03-CAT-06b: Catalog Client loadFromApi exposes half-TTL revalidation state after API load","status":"passed","title":"exposes half-TTL revalidation state after API load","duration":0.2885000000001128,"failureMessages":[],"meta":{},"tags":[]},{"ancestorTitles":["03-CAT-06b: Catalog Client","relevance scoring edge cases"],"fullName":"03-CAT-06b: Catalog Client relevance scoring edge cases scores exact SKU match highest","status":"passed","title":"scores exact SKU match highest","duration":0.30169999999998254,"failureMessages":[],"meta":{},"tags":[]},{"ancestorTitles":["03-CAT-06b: Catalog Client","relevance scoring edge cases"],"fullName":"03-CAT-06b: Catalog Client relevance scoring edge cases scores exact slug match","status":"passed","title":"scores exact slug match","duration":0.26139999999986685,"failureMessages":[],"meta":{},"tags":[]},{"ancestorTitles":["03-CAT-06b: Catalog Client","relevance scoring edge cases"],"fullName":"03-CAT-06b: Catalog Client relevance scoring edge cases applies fuzzy prefix matching","status":"passed","title":"applies fuzzy prefix matching","duration":0.1691000000000713,"failureMessages":[],"meta":{},"tags":[]},{"ancestorTitles":["03-CAT-09: Admin Boundaries"],"fullName":"03-CAT-09: Admin Boundaries keeps planner runtime free of admin catalog write routes","status":"passed","title":"keeps planner runtime free of admin catalog write routes","duration":14.439600000000155,"failureMessages":[],"meta":{},"tags":[]},{"ancestorTitles":["03-CAT-09: Admin Boundaries"],"fullName":"03-CAT-09: Admin Boundaries keeps canonical admin catalog routes under admin auth and CSRF for writes","status":"passed","title":"keeps canonical admin catalog routes under admin auth and CSRF for writes","duration":0.5162000000000262,"failureMessages":[],"meta":{},"tags":[]},{"ancestorTitles":["03-CAT-04: Catalog Mapping","mapAdminCategoryToCanonical"],"fullName":"03-CAT-04: Catalog Mapping mapAdminCategoryToCanonical maps desk to Furniture","status":"passed","title":"maps desk to Furniture","duration":0.13400000000001455,"failureMessages":[],"meta":{},"tags":[]},{"ancestorTitles":["03-CAT-04: Catalog Mapping","mapAdminCategoryToCanonical"],"fullName":"03-CAT-04: Catalog Mapping mapAdminCategoryToCanonical maps room to Furniture","status":"passed","title":"maps room to Furniture","duration":0.06529999999997926,"failureMessages":[],"meta":{},"tags":[]},{"ancestorTitles":["03-CAT-04: Catalog Mapping","mapAdminCategoryToCanonical"],"fullName":"03-CAT-04: Catalog Mapping mapAdminCategoryToCanonical maps chair to Furniture","status":"passed","title":"maps chair to Furniture","duration":0.04980000000000473,"failureMessages":[],"meta":{},"tags":[]},{"ancestorTitles":["03-CAT-04: Catalog Mapping","mapAdminCategoryToCanonical"],"fullName":"03-CAT-04: Catalog Mapping mapAdminCategoryToCanonical maps light to Lighting","status":"passed","title":"maps light to Lighting","duration":0.04810000000020409,"failureMessages":[],"meta":{},"tags":[]},{"ancestorTitles":["03-CAT-04: Catalog Mapping","mapAdminCategoryToCanonical"],"fullName":"03-CAT-04: Catalog Mapping mapAdminCategoryToCanonical maps plant to Decor","status":"passed","title":"maps plant to Decor","duration":0.04740000000015243,"failureMessages":[],"meta":{},"tags":[]},{"ancestorTitles":["03-CAT-04: Catalog Mapping","mapAdminCategoryToCanonical"],"fullName":"03-CAT-04: Catalog Mapping mapAdminCategoryToCanonical maps outdoor to Outdoor","status":"passed","title":"maps outdoor to Outdoor","duration":0.04860000000007858,"failureMessages":[],"meta":{},"tags":[]},{"ancestorTitles":["03-CAT-04: Catalog Mapping","mapAdminCategoryToCanonical"],"fullName":"03-CAT-04: Catalog Mapping mapAdminCategoryToCanonical maps electrical to Symbols","status":"passed","title":"maps electrical to Symbols","duration":0.04800000000000182,"failureMessages":[],"meta":{},"tags":[]},{"ancestorTitles":["03-CAT-04: Catalog Mapping","mapAdminCategoryToCanonical"],"fullName":"03-CAT-04: Catalog Mapping mapAdminCategoryToCanonical defaults to Furniture for unknown","status":"passed","title":"defaults to Furniture for unknown","duration":0.04790000000002692,"failureMessages":[],"meta":{},"tags":[]},{"ancestorTitles":["03-CAT-04: Catalog Mapping","inferRoomTags"],"fullName":"03-CAT-04: Catalog Mapping inferRoomTags detects Office from desk category","status":"passed","title":"detects Office from desk category","duration":0.12840000000005602,"failureMessages":[],"meta":{},"tags":[]},{"ancestorTitles":["03-CAT-04: Catalog Mapping","inferRoomTags"],"fullName":"03-CAT-04: Catalog Mapping inferRoomTags detects Dining","status":"passed","title":"detects Dining","duration":0.07919999999990068,"failureMessages":[],"meta":{},"tags":[]},{"ancestorTitles":["03-CAT-04: Catalog Mapping","inferRoomTags"],"fullName":"03-CAT-04: Catalog Mapping inferRoomTags defaults to Office when no match","status":"passed","title":"defaults to Office when no match","duration":0.09649999999987813,"failureMessages":[],"meta":{},"tags":[]},{"ancestorTitles":["03-CAT-04: Catalog Mapping","inferRoomTags"],"fullName":"03-CAT-04: Catalog Mapping inferRoomTags detects multiple rooms","status":"passed","title":"detects multiple rooms","duration":0.10019999999985885,"failureMessages":[],"meta":{},"tags":[]},{"ancestorTitles":["03-CAT-04: Catalog Mapping","inferStyleTags"],"fullName":"03-CAT-04: Catalog Mapping inferStyleTags detects Modern from name","status":"passed","title":"detects Modern from name","duration":0.1254999999998745,"failureMessages":[],"meta":{},"tags":[]},{"ancestorTitles":["03-CAT-04: Catalog Mapping","inferStyleTags"],"fullName":"03-CAT-04: Catalog Mapping inferStyleTags detects Scandinavian","status":"passed","title":"detects Scandinavian","duration":0.09800000000018372,"failureMessages":[],"meta":{},"tags":[]},{"ancestorTitles":["03-CAT-04: Catalog Mapping","inferStyleTags"],"fullName":"03-CAT-04: Catalog Mapping inferStyleTags defaults to Modern when no match","status":"passed","title":"defaults to Modern when no match","duration":0.11089999999990141,"failureMessages":[],"meta":{},"tags":[]},{"ancestorTitles":["03-CAT-04: Catalog Mapping","resolveSubCategory"],"fullName":"03-CAT-04: Catalog Mapping resolveSubCategory uses series name when available","status":"passed","title":"uses series name when available","duration":0.0989999999999327,"failureMessages":[],"meta":{},"tags":[]},{"ancestorTitles":["03-CAT-04: Catalog Mapping","resolveSubCategory"],"fullName":"03-CAT-04: Catalog Mapping resolveSubCategory falls back to category-based inference","status":"passed","title":"falls back to category-based inference","duration":0.05880000000001928,"failureMessages":[],"meta":{},"tags":[]},{"ancestorTitles":["03-CAT-04: Catalog Mapping","resolveAvailabilityStatus"],"fullName":"03-CAT-04: Catalog Mapping resolveAvailabilityStatus returns in-stock for active item","status":"passed","title":"returns in-stock for active item","duration":0.09969999999998436,"failureMessages":[],"meta":{},"tags":[]},{"ancestorTitles":["03-CAT-04: Catalog Mapping","resolveAvailabilityStatus"],"fullName":"03-CAT-04: Catalog Mapping resolveAvailabilityStatus returns discontinued for inactive item","status":"passed","title":"returns discontinued for inactive item","duration":0.048900000000003274,"failureMessages":[],"meta":{},"tags":[]},{"ancestorTitles":["03-CAT-04: Catalog Mapping","mapPlannerManagedProductToCatalogItem"],"fullName":"03-CAT-04: Catalog Mapping mapPlannerManagedProductToCatalogItem maps a valid planner managed product","status":"passed","title":"maps a valid planner managed product","duration":0.3550000000000182,"failureMessages":[],"meta":{},"tags":[]},{"ancestorTitles":["03-CAT-04: Catalog Mapping","mapPlannerManagedProductToCatalogItem"],"fullName":"03-CAT-04: Catalog Mapping mapPlannerManagedProductToCatalogItem returns null when no dimensions provided","status":"passed","title":"returns null when no dimensions provided","duration":0.08789999999999054,"failureMessages":[],"meta":{},"tags":[]},{"ancestorTitles":["03-CAT-04: Catalog Mapping","mapPlannerManagedProductToCatalogItem"],"fullName":"03-CAT-04: Catalog Mapping mapPlannerManagedProductToCatalogItem returns null when name missing","status":"passed","title":"returns null when name missing","duration":0.05609999999978754,"failureMessages":[],"meta":{},"tags":[]},{"ancestorTitles":["03-CAT-04: Catalog Mapping","mapPlannerManagedProductToCatalogItem"],"fullName":"03-CAT-04: Catalog Mapping mapPlannerManagedProductToCatalogItem preserves all identity fields","status":"passed","title":"preserves all identity fields","duration":0.15249999999991815,"failureMessages":[],"meta":{},"tags":[]},{"ancestorTitles":["03-CAT-04: Catalog Mapping","mapConfiguratorProductToCatalogItem"],"fullName":"03-CAT-04: Catalog Mapping mapConfiguratorProductToCatalogItem maps a parametric configurator product","status":"passed","title":"maps a parametric configurator product","duration":1.024900000000116,"failureMessages":[],"meta":{},"tags":[]},{"ancestorTitles":["03-CAT-04: Catalog Mapping","mapConfiguratorProductToCatalogItem"],"fullName":"03-CAT-04: Catalog Mapping mapConfiguratorProductToCatalogItem maps a discrete configurator product","status":"passed","title":"maps a discrete configurator product","duration":0.23890000000005784,"failureMessages":[],"meta":{},"tags":[]},{"ancestorTitles":["03-CAT-04: Catalog Mapping","mapConfiguratorProductToCatalogItem"],"fullName":"03-CAT-04: Catalog Mapping mapConfiguratorProductToCatalogItem maps a fixed configurator product","status":"passed","title":"maps a fixed configurator product","duration":0.1350999999999658,"failureMessages":[],"meta":{},"tags":[]},{"ancestorTitles":["03-CAT-04: Catalog Mapping","mapConfiguratorProductToCatalogItem"],"fullName":"03-CAT-04: Catalog Mapping mapConfiguratorProductToCatalogItem returns null when no dimensions can be resolved","status":"passed","title":"returns null when no dimensions can be resolved","duration":0.06739999999990687,"failureMessages":[],"meta":{},"tags":[]},{"ancestorTitles":["03-CAT-04: Catalog Mapping","mapConfiguratorProductToCatalogItem"],"fullName":"03-CAT-04: Catalog Mapping mapConfiguratorProductToCatalogItem returns null when missing slug or name","status":"passed","title":"returns null when missing slug or name","duration":0.056100000000014916,"failureMessages":[],"meta":{},"tags":[]},{"ancestorTitles":["03-CAT-04: Catalog Mapping","mapConfiguratorProductToCatalogItem"],"fullName":"03-CAT-04: Catalog Mapping mapConfiguratorProductToCatalogItem handles L-shaped workstation","status":"passed","title":"handles L-shaped workstation","duration":0.12079999999991742,"failureMessages":[],"meta":{},"tags":[]},{"ancestorTitles":["03-CAT-04: Catalog Mapping","mapConfiguratorProductToCatalogItem"],"fullName":"03-CAT-04: Catalog Mapping mapConfiguratorProductToCatalogItem handles sharing workstation","status":"passed","title":"handles sharing workstation","duration":0.10989999999992506,"failureMessages":[],"meta":{},"tags":[]},{"ancestorTitles":["03-CAT-04: Catalog Mapping","mapConfiguratorProductToCatalogItem"],"fullName":"03-CAT-04: Catalog Mapping mapConfiguratorProductToCatalogItem handles parametric without valid seater options","status":"passed","title":"handles parametric without valid seater options","duration":0.056800000000066575,"failureMessages":[],"meta":{},"tags":[]}],"startTime":1783220222328,"endTime":1783220222418.135,"status":"passed","message":"","name":"D:/oandO04072026/site/tests/unit/features/planner/open3d/catalog.test.ts"},{"assertionResults":[{"ancestorTitles":["project model and units"],"fullName":"project model and units creates projects, rooms, and envelopes with defaults and overrides","status":"passed","title":"creates projects, rooms, and envelopes with defaults and overrides","duration":4.443899999999985,"failureMessages":[],"meta":{},"tags":[]},{"ancestorTitles":["project model and units"],"fullName":"project model and units converts every supported measurement representation","status":"passed","title":"converts every supported measurement representation","duration":1.7548999999999069,"failureMessages":[],"meta":{},"tags":[]},{"ancestorTitles":["geometry and commands"],"fullName":"geometry and commands round-trips transforms and clamps zoom around the cursor","status":"passed","title":"round-trips transforms and clamps zoom around the cursor","duration":0.3977999999999611,"failureMessages":[],"meta":{},"tags":[]},{"ancestorTitles":["geometry and commands"],"fullName":"geometry and commands covers suppression, endpoint, grid, zero-length, and angular snaps","status":"passed","title":"covers suppression, endpoint, grid, zero-length, and angular snaps","duration":0.4253000000001066,"failureMessages":[],"meta":{},"tags":[]},{"ancestorTitles":["geometry and commands"],"fullName":"geometry and commands chooses the nearest endpoint deterministically and breaks exact ties by id then order","status":"passed","title":"chooses the nearest endpoint deterministically and breaks exact ties by id then order","duration":9.573599999999942,"failureMessages":[],"meta":{},"tags":[]},{"ancestorTitles":["geometry and commands"],"fullName":"geometry and commands finds commands and rejects impossible command ids at runtime","status":"passed","title":"finds commands and rejects impossible command ids at runtime","duration":0.41279999999983374,"failureMessages":[],"meta":{},"tags":[]},{"ancestorTitles":["geometry and commands"],"fullName":"geometry and commands executes every command and returns explicit workflow outcomes","status":"passed","title":"executes every command and returns explicit workflow outcomes","duration":1.0751999999999953,"failureMessages":[],"meta":{},"tags":[]},{"ancestorTitles":["operations, invariants, and history"],"fullName":"operations, invariants, and history adds walls and rejects projects without an active floor","status":"passed","title":"adds walls and rejects projects without an active floor","duration":0.41879999999991924,"failureMessages":[],"meta":{},"tags":[]},{"ancestorTitles":["operations, invariants, and history"],"fullName":"operations, invariants, and history adds and validates openings","status":"passed","title":"adds and validates openings","duration":0.8106000000000222,"failureMessages":[],"meta":{},"tags":[]},{"ancestorTitles":["operations, invariants, and history"],"fullName":"operations, invariants, and history adds, rotates, moves, duplicates, updates, and deletes entities","status":"passed","title":"adds, rotates, moves, duplicates, updates, and deletes entities","duration":1.4300000000000637,"failureMessages":[],"meta":{},"tags":[]},{"ancestorTitles":["operations, invariants, and history"],"fullName":"operations, invariants, and history applies transactions and all history transitions","status":"passed","title":"applies transactions and all history transitions","duration":0.6343999999999141,"failureMessages":[],"meta":{},"tags":[]},{"ancestorTitles":["operations, invariants, and history"],"fullName":"operations, invariants, and history reports every invariant class","status":"passed","title":"reports every invariant class","duration":1.0662999999999556,"failureMessages":[],"meta":{},"tags":[]},{"ancestorTitles":["legacy conversion and parser"],"fullName":"legacy conversion and parser converts valid legacy rooms and rejects invalid dimensions","status":"passed","title":"converts valid legacy rooms and rejects invalid dimensions","duration":0.5468000000000757,"failureMessages":[],"meta":{},"tags":[]},{"ancestorTitles":["legacy conversion and parser"],"fullName":"legacy conversion and parser parses a complete project and envelope","status":"passed","title":"parses a complete project and envelope","duration":2.58420000000001,"failureMessages":[],"meta":{},"tags":[]},{"ancestorTitles":["legacy conversion and parser"],"fullName":"legacy conversion and parser rejects malformed values through every primitive parser","status":"passed","title":"rejects malformed values through every primitive parser","duration":0.6264000000001033,"failureMessages":[],"meta":{},"tags":[]},{"ancestorTitles":["legacy conversion and parser"],"fullName":"legacy conversion and parser covers parser defaults and invalid optional primitive branches","status":"passed","title":"covers parser defaults and invalid optional primitive branches","duration":0.8040000000000873,"failureMessages":[],"meta":{},"tags":[]}],"startTime":1783220222230,"endTime":1783220222256.804,"status":"passed","message":"","name":"D:/oandO04072026/site/tests/unit/features/planner/open3d/domain.test.ts"},{"assertionResults":[{"ancestorTitles":["Phase 1 command and state contracts"],"fullName":"Phase 1 command and state contracts records only successful document commands in history","status":"passed","title":"records only successful document commands in history","duration":4.532900000000154,"failureMessages":[],"meta":{},"tags":[]},{"ancestorTitles":["Phase 1 command and state contracts"],"fullName":"Phase 1 command and state contracts rejects every mutation targeting a locked item","status":"passed","title":"rejects every mutation targeting a locked item","duration":1.4797000000000935,"failureMessages":[],"meta":{},"tags":[]},{"ancestorTitles":["Phase 1 command and state contracts"],"fullName":"Phase 1 command and state contracts normalizes empty, duplicate, and multi-selection contracts","status":"passed","title":"normalizes empty, duplicate, and multi-selection contracts","duration":0.5959000000000287,"failureMessages":[],"meta":{},"tags":[]},{"ancestorTitles":["Phase 1 catalogue contracts"],"fullName":"Phase 1 catalogue contracts ranks with Fuse and produces React Aria collection records","status":"passed","title":"ranks with Fuse and produces React Aria collection records","duration":4.392000000000053,"failureMessages":[],"meta":{},"tags":[]},{"ancestorTitles":["Phase 1 catalogue contracts"],"fullName":"Phase 1 catalogue contracts uses one validated payload for click and drag placement","status":"passed","title":"uses one validated payload for click and drag placement","duration":2.9927999999999884,"failureMessages":[],"meta":{},"tags":[]},{"ancestorTitles":["Phase 1 deterministic persistence"],"fullName":"Phase 1 deterministic persistence serializes deterministically and reloads locked placement data","status":"passed","title":"serializes deterministically and reloads locked placement data","duration":11.391700000000128,"failureMessages":[],"meta":{},"tags":[]}],"startTime":1783220222211,"endTime":1783220222237.3916,"status":"passed","message":"","name":"D:/oandO04072026/site/tests/unit/features/planner/open3d/phase1CommandCatalog.test.ts"},{"assertionResults":[{"ancestorTitles":["useOpen3dWorkspaceCatalog"],"fullName":"useOpen3dWorkspaceCatalog loads live catalog items from the configurator API","status":"passed","title":"loads live catalog items from the configurator API","duration":87.2657999999999,"failureMessages":[],"meta":{},"tags":[]},{"ancestorTitles":["useOpen3dWorkspaceCatalog"],"fullName":"useOpen3dWorkspaceCatalog starts in loading state with isLoading true and demo items initially","status":"passed","title":"starts in loading state with isLoading true and demo items initially","duration":78.03860000000009,"failureMessages":[],"meta":{},"tags":[]},{"ancestorTitles":["useOpen3dWorkspaceCatalog"],"fullName":"useOpen3dWorkspaceCatalog falls back to demo items and status fallback when API returns no items","status":"passed","title":"falls back to demo items and status fallback when API returns no items","duration":67.3001999999999,"failureMessages":[],"meta":{},"tags":[]},{"ancestorTitles":["useOpen3dWorkspaceCatalog"],"fullName":"useOpen3dWorkspaceCatalog resolveItem returns undefined for unknown id after load","status":"passed","title":"resolveItem returns undefined for unknown id after load","duration":66.37189999999987,"failureMessages":[],"meta":{},"tags":[]},{"ancestorTitles":["useOpen3dWorkspaceCatalog"],"fullName":"useOpen3dWorkspaceCatalog calls loadDescriptorsFromLoader for catalogue-first primary before api fallback","status":"passed","title":"calls loadDescriptorsFromLoader for catalogue-first primary before api fallback","duration":66.79470000000015,"failureMessages":[],"meta":{},"tags":[]}],"startTime":1783220222328,"endTime":1783220222693.7947,"status":"passed","message":"","name":"D:/oandO04072026/site/tests/unit/features/planner/open3d/useOpen3dWorkspaceCatalog.test.ts"},{"assertionResults":[{"ancestorTitles":["project persistence"],"fullName":"project persistence exports, imports, saves, backs up, restores, and removes in memory only","status":"passed","title":"exports, imports, saves, backs up, restores, and removes in memory only","duration":15.483999999999924,"failureMessages":[],"meta":{},"tags":[]},{"ancestorTitles":["project persistence"],"fullName":"project persistence does not persist guest work across repository instances","status":"passed","title":"does not persist guest work across repository instances","duration":0.5296000000000731,"failureMessages":[],"meta":{},"tags":[]},{"ancestorTitles":["project persistence"],"fullName":"project persistence does not call browser Storage APIs","status":"passed","title":"does not call browser Storage APIs","duration":1.1914999999999054,"failureMessages":[],"meta":{},"tags":[]},{"ancestorTitles":["project persistence"],"fullName":"project persistence recovers safely from in-memory corruption and reports both corruption paths","status":"passed","title":"recovers safely from in-memory corruption and reports both corruption paths","duration":1.5910999999998694,"failureMessages":[],"meta":{},"tags":[]},{"ancestorTitles":["project persistence"],"fullName":"project persistence reports a generic error when corruption is not an Error instance and no backup exists","status":"passed","title":"reports a generic error when corruption is not an Error instance and no backup exists","duration":0.36410000000000764,"failureMessages":[],"meta":{},"tags":[]},{"ancestorTitles":["project persistence"],"fullName":"project persistence reports Error.message when corruption has no backup","status":"passed","title":"reports Error.message when corruption has no backup","duration":0.6318999999998596,"failureMessages":[],"meta":{},"tags":[]},{"ancestorTitles":["project persistence"],"fullName":"project persistence reports when both primary and backup payloads are invalid","status":"passed","title":"reports when both primary and backup payloads are invalid","duration":0.6207000000001699,"failureMessages":[],"meta":{},"tags":[]},{"ancestorTitles":["project persistence"],"fullName":"project persistence recovers from backup when primary corruption is not an Error instance","status":"passed","title":"recovers from backup when primary corruption is not an Error instance","duration":0.7652000000000498,"failureMessages":[],"meta":{},"tags":[]},{"ancestorTitles":["guest session API isolation"],"fullName":"guest session API isolation never issues fetch to /api/plans during guest repository and blocked-command flow","status":"passed","title":"never issues fetch to /api/plans during guest repository and blocked-command flow","duration":2.054600000000164,"failureMessages":[],"meta":{},"tags":[]}],"startTime":1783220222158,"endTime":1783220222182.0547,"status":"passed","message":"","name":"D:/oandO04072026/site/tests/unit/features/planner/open3d/persistence/persistence.test.ts"}]}