{"numTotalTestSuites":9,"numPassedTestSuites":1,"numFailedTestSuites":8,"numPendingTestSuites":0,"numTotalTests":39,"numPassedTests":7,"numFailedTests":32,"numPendingTests":0,"numTodoTests":0,"snapshot":{"added":0,"failure":false,"filesAdded":0,"filesRemoved":0,"filesRemovedList":[],"filesUnmatched":0,"filesUpdated":0,"matched":0,"total":0,"unchecked":0,"uncheckedKeysByFile":[],"unmatched":0,"updated":0,"didUpdate":false},"startTime":1783345045963,"success":false,"testResults":[{"assertionResults":[{"ancestorTitles":["isStagingPlannerDocument"],"fullName":"isStagingPlannerDocument returns true for a valid document","status":"failed","title":"returns true for a valid document","duration":6.941299999999956,"failureMessages":["AssertionError: expected false to be true // Object.is equality\n    at D:/.grok/worktrees/oando04072026/new/site/tests/unit/features/planner/open3d/persistence/memberPlanRepository.test.ts:46:49\n    at file:///D:/.grok/worktrees/oando04072026/new/node_modules/.pnpm/@vitest+runner@4.1.9/node_modules/@vitest/runner/dist/chunk-artifact.js:302:11\n    at file:///D:/.grok/worktrees/oando04072026/new/node_modules/.pnpm/@vitest+runner@4.1.9/node_modules/@vitest/runner/dist/chunk-artifact.js:1903:26\n    at file:///D:/.grok/worktrees/oando04072026/new/node_modules/.pnpm/@vitest+runner@4.1.9/node_modules/@vitest/runner/dist/chunk-artifact.js:2326:20\n    at new Promise (<anonymous>)\n    at runWithCancel (file:///D:/.grok/worktrees/oando04072026/new/node_modules/.pnpm/@vitest+runner@4.1.9/node_modules/@vitest/runner/dist/chunk-artifact.js:2323:10)\n    at file:///D:/.grok/worktrees/oando04072026/new/node_modules/.pnpm/@vitest+runner@4.1.9/node_modules/@vitest/runner/dist/chunk-artifact.js:2305:20\n    at new Promise (<anonymous>)\n    at runWithTimeout (file:///D:/.grok/worktrees/oando04072026/new/node_modules/.pnpm/@vitest+runner@4.1.9/node_modules/@vitest/runner/dist/chunk-artifact.js:2272:10)\n    at file:///D:/.grok/worktrees/oando04072026/new/node_modules/.pnpm/@vitest+runner@4.1.9/node_modules/@vitest/runner/dist/chunk-artifact.js:2955:64"],"meta":{},"tags":[]},{"ancestorTitles":["isStagingPlannerDocument"],"fullName":"isStagingPlannerDocument returns false when id is missing","status":"passed","title":"returns false when id is missing","duration":0.5009000000000015,"failureMessages":[],"meta":{},"tags":[]},{"ancestorTitles":["isStagingPlannerDocument"],"fullName":"isStagingPlannerDocument returns false when sceneJson is missing","status":"passed","title":"returns false when sceneJson is missing","duration":0.40029999999978827,"failureMessages":[],"meta":{},"tags":[]},{"ancestorTitles":["isStagingPlannerDocument"],"fullName":"isStagingPlannerDocument returns false when name is missing","status":"passed","title":"returns false when name is missing","duration":0.2579999999998108,"failureMessages":[],"meta":{},"tags":[]},{"ancestorTitles":["isStagingPlannerDocument"],"fullName":"isStagingPlannerDocument returns false for null","status":"passed","title":"returns false for null","duration":0.13419999999996435,"failureMessages":[],"meta":{},"tags":[]},{"ancestorTitles":["isStagingPlannerDocument"],"fullName":"isStagingPlannerDocument returns false for a non-object primitive","status":"passed","title":"returns false for a non-object primitive","duration":0.11620000000038999,"failureMessages":[],"meta":{},"tags":[]},{"ancestorTitles":["MemberPlanRepository.load"],"fullName":"MemberPlanRepository.load returns ok with document on 200","status":"failed","title":"returns ok with document on 200","duration":3.6350000000002183,"failureMessages":["AssertionError: expected { status: 'network' } to deeply equal { status: 'ok', document: { …(4) } }\n    at D:/.grok/worktrees/oando04072026/new/site/tests/unit/features/planner/open3d/persistence/memberPlanRepository.test.ts:83:20\n    at processTicksAndRejections (node:internal/process/task_queues:104:5)"],"meta":{},"tags":[]},{"ancestorTitles":["MemberPlanRepository.load"],"fullName":"MemberPlanRepository.load includes Authorization header when token is present","status":"failed","title":"includes Authorization header when token is present","duration":1.0940999999997985,"failureMessages":["TypeError: undefined is not iterable (cannot read property Symbol(Symbol.iterator))\n    at D:/.grok/worktrees/oando04072026/new/site/tests/unit/features/planner/open3d/persistence/memberPlanRepository.test.ts:94:23\n    at processTicksAndRejections (node:internal/process/task_queues:104:5)"],"meta":{},"tags":[]},{"ancestorTitles":["MemberPlanRepository.load"],"fullName":"MemberPlanRepository.load returns unauthenticated on 401","status":"failed","title":"returns unauthenticated on 401","duration":1.7061000000003332,"failureMessages":["AssertionError: expected { status: 'network' } to deeply equal { status: 'unauthenticated' }\n    at D:/.grok/worktrees/oando04072026/new/site/tests/unit/features/planner/open3d/persistence/memberPlanRepository.test.ts:100:34\n    at processTicksAndRejections (node:internal/process/task_queues:104:5)"],"meta":{},"tags":[]},{"ancestorTitles":["MemberPlanRepository.load"],"fullName":"MemberPlanRepository.load returns forbidden on 403","status":"failed","title":"returns forbidden on 403","duration":1.2633999999998196,"failureMessages":["AssertionError: expected { status: 'network' } to deeply equal { status: 'forbidden' }\n    at D:/.grok/worktrees/oando04072026/new/site/tests/unit/features/planner/open3d/persistence/memberPlanRepository.test.ts:105:34\n    at processTicksAndRejections (node:internal/process/task_queues:104:5)"],"meta":{},"tags":[]},{"ancestorTitles":["MemberPlanRepository.load"],"fullName":"MemberPlanRepository.load returns not-found on 404","status":"failed","title":"returns not-found on 404","duration":0.9488999999998668,"failureMessages":["AssertionError: expected { status: 'network' } to deeply equal { status: 'not-found' }\n    at D:/.grok/worktrees/oando04072026/new/site/tests/unit/features/planner/open3d/persistence/memberPlanRepository.test.ts:110:34\n    at processTicksAndRejections (node:internal/process/task_queues:104:5)"],"meta":{},"tags":[]},{"ancestorTitles":["MemberPlanRepository.load"],"fullName":"MemberPlanRepository.load returns network on unexpected non-ok status","status":"failed","title":"returns network on unexpected non-ok status","duration":0.9574000000002343,"failureMessages":["AssertionError: expected { status: 'network' } to deeply equal { status: 'network', …(1) }\n    at D:/.grok/worktrees/oando04072026/new/site/tests/unit/features/planner/open3d/persistence/memberPlanRepository.test.ts:115:34\n    at processTicksAndRejections (node:internal/process/task_queues:104:5)"],"meta":{},"tags":[]},{"ancestorTitles":["MemberPlanRepository.load"],"fullName":"MemberPlanRepository.load returns corrupt when body.document fails the type guard","status":"failed","title":"returns corrupt when body.document fails the type guard","duration":0.9263999999998305,"failureMessages":["AssertionError: expected { status: 'network' } to deeply equal { status: 'corrupt', raw: { id: 'x' } }\n    at D:/.grok/worktrees/oando04072026/new/site/tests/unit/features/planner/open3d/persistence/memberPlanRepository.test.ts:122:20\n    at processTicksAndRejections (node:internal/process/task_queues:104:5)"],"meta":{},"tags":[]},{"ancestorTitles":["MemberPlanRepository.load"],"fullName":"MemberPlanRepository.load returns network on fetch throw","status":"failed","title":"returns network on fetch throw","duration":0.6630000000000109,"failureMessages":["AssertionError: expected { status: 'network' } to deeply equal { status: 'network', …(1) }\n    at D:/.grok/worktrees/oando04072026/new/site/tests/unit/features/planner/open3d/persistence/memberPlanRepository.test.ts:127:34\n    at processTicksAndRejections (node:internal/process/task_queues:104:5)"],"meta":{},"tags":[]},{"ancestorTitles":["MemberPlanRepository.save"],"fullName":"MemberPlanRepository.save returns ok with document on 200","status":"failed","title":"returns ok with document on 200","duration":0.8593000000000757,"failureMessages":["AssertionError: expected { status: 'network' } to deeply equal { status: 'ok', document: { …(5) } }\n    at D:/.grok/worktrees/oando04072026/new/site/tests/unit/features/planner/open3d/persistence/memberPlanRepository.test.ts:141:20\n    at processTicksAndRejections (node:internal/process/task_queues:104:5)"],"meta":{},"tags":[]},{"ancestorTitles":["MemberPlanRepository.save"],"fullName":"MemberPlanRepository.save returns unauthenticated on 401","status":"failed","title":"returns unauthenticated on 401","duration":0.6786999999999352,"failureMessages":["AssertionError: expected { status: 'network' } to deeply equal { status: 'unauthenticated' }\n    at D:/.grok/worktrees/oando04072026/new/site/tests/unit/features/planner/open3d/persistence/memberPlanRepository.test.ts:150:34\n    at processTicksAndRejections (node:internal/process/task_queues:104:5)"],"meta":{},"tags":[]},{"ancestorTitles":["MemberPlanRepository.save"],"fullName":"MemberPlanRepository.save returns conflict on 409","status":"failed","title":"returns conflict on 409","duration":0.5090999999997621,"failureMessages":["AssertionError: expected { status: 'network' } to deeply equal { status: 'conflict' }\n    at D:/.grok/worktrees/oando04072026/new/site/tests/unit/features/planner/open3d/persistence/memberPlanRepository.test.ts:155:34\n    at processTicksAndRejections (node:internal/process/task_queues:104:5)"],"meta":{},"tags":[]},{"ancestorTitles":["MemberPlanRepository.save"],"fullName":"MemberPlanRepository.save returns network when response body has no valid document","status":"failed","title":"returns network when response body has no valid document","duration":0.40590000000020154,"failureMessages":["AssertionError: expected { status: 'network' } to deeply equal { status: 'network', …(1) }\n    at D:/.grok/worktrees/oando04072026/new/site/tests/unit/features/planner/open3d/persistence/memberPlanRepository.test.ts:160:34\n    at processTicksAndRejections (node:internal/process/task_queues:104:5)"],"meta":{},"tags":[]},{"ancestorTitles":["MemberPlanRepository.save"],"fullName":"MemberPlanRepository.save returns network on fetch throw","status":"failed","title":"returns network on fetch throw","duration":0.3799000000003616,"failureMessages":["AssertionError: expected { status: 'network' } to deeply equal { status: 'network', …(1) }\n    at D:/.grok/worktrees/oando04072026/new/site/tests/unit/features/planner/open3d/persistence/memberPlanRepository.test.ts:165:34\n    at processTicksAndRejections (node:internal/process/task_queues:104:5)"],"meta":{},"tags":[]},{"ancestorTitles":["MemberPlanRepository.list"],"fullName":"MemberPlanRepository.list returns ok with mapped summaries on 200","status":"failed","title":"returns ok with mapped summaries on 200","duration":0.981499999999869,"failureMessages":["AssertionError: expected { status: 'network' } to deeply equal { status: 'ok', summaries: [ …(2) ] }\n    at D:/.grok/worktrees/oando04072026/new/site/tests/unit/features/planner/open3d/persistence/memberPlanRepository.test.ts:180:20\n    at processTicksAndRejections (node:internal/process/task_queues:104:5)"],"meta":{},"tags":[]},{"ancestorTitles":["MemberPlanRepository.list"],"fullName":"MemberPlanRepository.list handles empty documents array","status":"failed","title":"handles empty documents array","duration":0.5277000000000953,"failureMessages":["AssertionError: expected { status: 'network' } to deeply equal { status: 'ok', summaries: [] }\n    at D:/.grok/worktrees/oando04072026/new/site/tests/unit/features/planner/open3d/persistence/memberPlanRepository.test.ts:192:20\n    at processTicksAndRejections (node:internal/process/task_queues:104:5)"],"meta":{},"tags":[]},{"ancestorTitles":["MemberPlanRepository.list"],"fullName":"MemberPlanRepository.list handles missing documents key gracefully","status":"failed","title":"handles missing documents key gracefully","duration":0.4264000000002852,"failureMessages":["AssertionError: expected { status: 'network' } to deeply equal { status: 'ok', summaries: [] }\n    at D:/.grok/worktrees/oando04072026/new/site/tests/unit/features/planner/open3d/persistence/memberPlanRepository.test.ts:198:20\n    at processTicksAndRejections (node:internal/process/task_queues:104:5)"],"meta":{},"tags":[]},{"ancestorTitles":["MemberPlanRepository.list"],"fullName":"MemberPlanRepository.list returns unauthenticated on 401","status":"failed","title":"returns unauthenticated on 401","duration":0.3733999999999469,"failureMessages":["AssertionError: expected { status: 'network' } to deeply equal { status: 'unauthenticated' }\n    at D:/.grok/worktrees/oando04072026/new/site/tests/unit/features/planner/open3d/persistence/memberPlanRepository.test.ts:203:31\n    at processTicksAndRejections (node:internal/process/task_queues:104:5)"],"meta":{},"tags":[]},{"ancestorTitles":["MemberPlanRepository.list"],"fullName":"MemberPlanRepository.list returns network on non-ok status","status":"failed","title":"returns network on non-ok status","duration":0.35170000000016444,"failureMessages":["AssertionError: expected { status: 'network' } to deeply equal { status: 'network', …(1) }\n    at D:/.grok/worktrees/oando04072026/new/site/tests/unit/features/planner/open3d/persistence/memberPlanRepository.test.ts:208:31\n    at processTicksAndRejections (node:internal/process/task_queues:104:5)"],"meta":{},"tags":[]},{"ancestorTitles":["MemberPlanRepository.list"],"fullName":"MemberPlanRepository.list returns network on fetch throw","status":"failed","title":"returns network on fetch throw","duration":0.33999999999969077,"failureMessages":["AssertionError: expected { status: 'network' } to deeply equal { status: 'network', …(1) }\n    at D:/.grok/worktrees/oando04072026/new/site/tests/unit/features/planner/open3d/persistence/memberPlanRepository.test.ts:213:31\n    at processTicksAndRejections (node:internal/process/task_queues:104:5)"],"meta":{},"tags":[]},{"ancestorTitles":["MemberPlanRepository.delete"],"fullName":"MemberPlanRepository.delete returns ok on 200","status":"failed","title":"returns ok on 200","duration":0.4153999999998632,"failureMessages":["AssertionError: expected { status: 'network' } to deeply equal { status: 'ok' }\n    at D:/.grok/worktrees/oando04072026/new/site/tests/unit/features/planner/open3d/persistence/memberPlanRepository.test.ts:223:42\n    at processTicksAndRejections (node:internal/process/task_queues:104:5)"],"meta":{},"tags":[]},{"ancestorTitles":["MemberPlanRepository.delete"],"fullName":"MemberPlanRepository.delete returns ok on 204","status":"failed","title":"returns ok on 204","duration":0.5354000000002088,"failureMessages":["AssertionError: expected { status: 'network' } to deeply equal { status: 'ok' }\n    at D:/.grok/worktrees/oando04072026/new/site/tests/unit/features/planner/open3d/persistence/memberPlanRepository.test.ts:231:36\n    at processTicksAndRejections (node:internal/process/task_queues:104:5)"],"meta":{},"tags":[]},{"ancestorTitles":["MemberPlanRepository.delete"],"fullName":"MemberPlanRepository.delete returns unauthenticated on 401","status":"failed","title":"returns unauthenticated on 401","duration":0.5612999999998465,"failureMessages":["AssertionError: expected { status: 'network' } to deeply equal { status: 'unauthenticated' }\n    at D:/.grok/worktrees/oando04072026/new/site/tests/unit/features/planner/open3d/persistence/memberPlanRepository.test.ts:236:36\n    at processTicksAndRejections (node:internal/process/task_queues:104:5)"],"meta":{},"tags":[]},{"ancestorTitles":["MemberPlanRepository.delete"],"fullName":"MemberPlanRepository.delete returns not-found on 404","status":"failed","title":"returns not-found on 404","duration":0.5178999999998268,"failureMessages":["AssertionError: expected { status: 'network' } to deeply equal { status: 'not-found' }\n    at D:/.grok/worktrees/oando04072026/new/site/tests/unit/features/planner/open3d/persistence/memberPlanRepository.test.ts:241:36\n    at processTicksAndRejections (node:internal/process/task_queues:104:5)"],"meta":{},"tags":[]},{"ancestorTitles":["MemberPlanRepository.delete"],"fullName":"MemberPlanRepository.delete returns network on non-ok status","status":"failed","title":"returns network on non-ok status","duration":0.5376000000001113,"failureMessages":["AssertionError: expected { status: 'network' } to deeply equal { status: 'network', …(1) }\n    at D:/.grok/worktrees/oando04072026/new/site/tests/unit/features/planner/open3d/persistence/memberPlanRepository.test.ts:246:36\n    at processTicksAndRejections (node:internal/process/task_queues:104:5)"],"meta":{},"tags":[]},{"ancestorTitles":["MemberPlanRepository.delete"],"fullName":"MemberPlanRepository.delete returns network on fetch throw","status":"failed","title":"returns network on fetch throw","duration":0.6226999999998952,"failureMessages":["AssertionError: expected { status: 'network' } to deeply equal { status: 'network', …(1) }\n    at D:/.grok/worktrees/oando04072026/new/site/tests/unit/features/planner/open3d/persistence/memberPlanRepository.test.ts:251:36\n    at processTicksAndRejections (node:internal/process/task_queues:104:5)"],"meta":{},"tags":[]},{"ancestorTitles":["MemberPlanRepository.delete"],"fullName":"MemberPlanRepository.delete URL-encodes saveId with special characters","status":"failed","title":"URL-encodes saveId with special characters","duration":0.38479999999981374,"failureMessages":["TypeError: undefined is not iterable (cannot read property Symbol(Symbol.iterator))\n    at D:/.grok/worktrees/oando04072026/new/site/tests/unit/features/planner/open3d/persistence/memberPlanRepository.test.ts:258:20\n    at processTicksAndRejections (node:internal/process/task_queues:104:5)"],"meta":{},"tags":[]},{"ancestorTitles":["MemberPlanRepository.save â€” additional branch coverage"],"fullName":"MemberPlanRepository.save â€” additional branch coverage returns network on non-ok HTTP status (5xx)","status":"failed","title":"returns network on non-ok HTTP status (5xx)","duration":0.5719000000003689,"failureMessages":["AssertionError: expected { status: 'network' } to deeply equal { status: 'network', …(1) }\n    at D:/.grok/worktrees/oando04072026/new/site/tests/unit/features/planner/open3d/persistence/memberPlanRepository.test.ts:270:34\n    at processTicksAndRejections (node:internal/process/task_queues:104:5)"],"meta":{},"tags":[]},{"ancestorTitles":["MemberPlanRepository.save â€” additional branch coverage"],"fullName":"MemberPlanRepository.save â€” additional branch coverage returns network on 503","status":"failed","title":"returns network on 503","duration":0.5749999999998181,"failureMessages":["AssertionError: expected { status: 'network' } to deeply equal { status: 'network', …(1) }\n    at D:/.grok/worktrees/oando04072026/new/site/tests/unit/features/planner/open3d/persistence/memberPlanRepository.test.ts:275:34\n    at processTicksAndRejections (node:internal/process/task_queues:104:5)"],"meta":{},"tags":[]},{"ancestorTitles":["MemberPlanRepository.list â€” fallback branch coverage"],"fullName":"MemberPlanRepository.list â€” fallback branch coverage uses empty string fallback when document id is missing","status":"passed","title":"uses empty string fallback when document id is missing","duration":0.2051000000001295,"failureMessages":[],"meta":{},"tags":[]},{"ancestorTitles":["MemberPlanRepository.list â€” fallback branch coverage"],"fullName":"MemberPlanRepository.list â€” fallback branch coverage uses 'Untitled' fallback when document name is missing","status":"passed","title":"uses 'Untitled' fallback when document name is missing","duration":0.09490000000005239,"failureMessages":[],"meta":{},"tags":[]},{"ancestorTitles":["MemberPlanRepository â€” non-Error throw fallback message"],"fullName":"MemberPlanRepository â€” non-Error throw fallback message load: uses 'Network error' when thrown value is not an Error instance","status":"failed","title":"load: uses 'Network error' when thrown value is not an Error instance","duration":0.4119999999998072,"failureMessages":["AssertionError: expected { status: 'network' } to deeply equal { status: 'network', …(1) }\n    at D:/.grok/worktrees/oando04072026/new/site/tests/unit/features/planner/open3d/persistence/memberPlanRepository.test.ts:312:34\n    at processTicksAndRejections (node:internal/process/task_queues:104:5)"],"meta":{},"tags":[]},{"ancestorTitles":["MemberPlanRepository â€” non-Error throw fallback message"],"fullName":"MemberPlanRepository â€” non-Error throw fallback message save: uses 'Network error' when thrown value is not an Error instance","status":"failed","title":"save: uses 'Network error' when thrown value is not an Error instance","duration":0.3713999999999942,"failureMessages":["AssertionError: expected { status: 'network' } to deeply equal { status: 'network', …(1) }\n    at D:/.grok/worktrees/oando04072026/new/site/tests/unit/features/planner/open3d/persistence/memberPlanRepository.test.ts:317:40\n    at processTicksAndRejections (node:internal/process/task_queues:104:5)"],"meta":{},"tags":[]},{"ancestorTitles":["MemberPlanRepository â€” non-Error throw fallback message"],"fullName":"MemberPlanRepository â€” non-Error throw fallback message delete: uses 'Network error' when thrown value is not an Error instance","status":"failed","title":"delete: uses 'Network error' when thrown value is not an Error instance","duration":0.3636999999998807,"failureMessages":["AssertionError: expected { status: 'network' } to deeply equal { status: 'network', …(1) }\n    at D:/.grok/worktrees/oando04072026/new/site/tests/unit/features/planner/open3d/persistence/memberPlanRepository.test.ts:322:36\n    at processTicksAndRejections (node:internal/process/task_queues:104:5)"],"meta":{},"tags":[]}],"startTime":1783345049183,"endTime":1783345049215.3713,"status":"failed","message":"","name":"D:/.grok/worktrees/oando04072026/new/site/tests/unit/features/planner/open3d/persistence/memberPlanRepository.test.ts"}]}