{"numTotalTestSuites":3,"numPassedTestSuites":3,"numFailedTestSuites":0,"numPendingTestSuites":0,"numTotalTests":10,"numPassedTests":10,"numFailedTests":0,"numPendingTests":0,"numTodoTests":0,"snapshot":{"added":0,"failure":false,"filesAdded":0,"filesRemoved":0,"filesRemovedList":[],"filesUnmatched":0,"filesUpdated":0,"matched":0,"total":0,"unchecked":0,"uncheckedKeysByFile":[],"unmatched":0,"updated":0,"didUpdate":false},"startTime":1783544752871,"success":true,"testResults":[{"assertionResults":[{"ancestorTitles":["furnitureFabricMapper"],"fullName":"furnitureFabricMapper maps entityId from furniture.id and uses default footprint when width/depth omitted","status":"passed","title":"maps entityId from furniture.id and uses default footprint when width/depth omitted","duration":1.0780999999999494,"failureMessages":[],"meta":{},"tags":[]},{"ancestorTitles":["furnitureFabricMapper"],"fullName":"furnitureFabricMapper uses explicit width/depth mm and scale for fabric size","status":"passed","title":"uses explicit width/depth mm and scale for fabric size","duration":0.21619999999995798,"failureMessages":[],"meta":{},"tags":[]},{"ancestorTitles":["furnitureFabricMapper"],"fullName":"furnitureFabricMapper round-trips position and rotation through fabric pose (project mm)","status":"passed","title":"round-trips position and rotation through fabric pose (project mm)","duration":0.1996999999998934,"failureMessages":[],"meta":{},"tags":[]},{"ancestorTitles":["furnitureFabricMapper"],"fullName":"furnitureFabricMapper normalizes negative and >360 rotation degrees","status":"passed","title":"normalizes negative and >360 rotation degrees","duration":0.1048999999999296,"failureMessages":[],"meta":{},"tags":[]},{"ancestorTitles":["furnitureFabricMapper"],"fullName":"furnitureFabricMapper marks locked furniture and maps list order","status":"passed","title":"marks locked furniture and maps list order","duration":0.620200000000068,"failureMessages":[],"meta":{},"tags":[]},{"ancestorTitles":["furnitureFabricMapper"],"fullName":"furnitureFabricMapper furnitureFootprintMm defaults and overrides","status":"passed","title":"furnitureFootprintMm defaults and overrides","duration":0.4895999999999958,"failureMessages":[],"meta":{},"tags":[]},{"ancestorTitles":["furnitureFabricMapper"],"fullName":"furnitureFabricMapper read/write entityId on fabric-like carriers","status":"passed","title":"read/write entityId on fabric-like carriers","duration":0.19479999999998654,"failureMessages":[],"meta":{},"tags":[]},{"ancestorTitles":["furnitureFabricMapper"],"fullName":"furnitureFabricMapper preserves entityId after a synthetic drag (left/top change only)","status":"passed","title":"preserves entityId after a synthetic drag (left/top change only)","duration":0.1268999999999778,"failureMessages":[],"meta":{},"tags":[]},{"ancestorTitles":["isOpen3dFabricFurnitureEnabled"],"fullName":"isOpen3dFabricFurnitureEnabled is false by default and for non-1 values","status":"passed","title":"is false by default and for non-1 values","duration":0.13400000000001455,"failureMessages":[],"meta":{},"tags":[]},{"ancestorTitles":["isOpen3dFabricFurnitureEnabled"],"fullName":"isOpen3dFabricFurnitureEnabled is true only when env is exactly 1","status":"passed","title":"is true only when env is exactly 1","duration":0.08750000000009095,"failureMessages":[],"meta":{},"tags":[]}],"startTime":1783544754046,"endTime":1783544754050.134,"status":"passed","message":"","name":"D:/OandO07072026/site/tests/unit/features/planner/open3d/canvas-fabric-stage/furnitureFabricMapper.test.ts"}]}