{"numTotalTestSuites":7,"numPassedTestSuites":7,"numFailedTestSuites":0,"numPendingTestSuites":0,"numTotalTests":19,"numPassedTests":19,"numFailedTests":0,"numPendingTests":0,"numTodoTests":0,"snapshot":{"added":0,"failure":false,"filesAdded":0,"filesRemoved":0,"filesRemovedList":[],"filesUnmatched":0,"filesUpdated":0,"matched":0,"total":0,"unchecked":0,"uncheckedKeysByFile":[],"unmatched":0,"updated":0,"didUpdate":false},"startTime":1783607478596,"success":true,"testResults":[{"assertionResults":[{"ancestorTitles":["WorkstationConfiguratorPanel"],"fullName":"WorkstationConfiguratorPanel arms single place with resolved config","status":"passed","title":"arms single place with resolved config","duration":54.56330000000003,"failureMessages":[],"meta":{},"tags":[]},{"ancestorTitles":["WorkstationConfiguratorPanel"],"fullName":"WorkstationConfiguratorPanel batch buttons place 2 / 4 / 10 with current draft config","status":"passed","title":"batch buttons place 2 / 4 / 10 with current draft config","duration":17.679499999999962,"failureMessages":[],"meta":{},"tags":[]},{"ancestorTitles":["WorkstationConfiguratorPanel"],"fullName":"WorkstationConfiguratorPanel hides batch buttons when onPlaceBatchConfig is omitted","status":"passed","title":"hides batch buttons when onPlaceBatchConfig is omitted","duration":5.822499999999991,"failureMessages":[],"meta":{},"tags":[]},{"ancestorTitles":["WorkstationConfiguratorPanel"],"fullName":"WorkstationConfiguratorPanel exposes all three batch counts","status":"passed","title":"exposes all three batch counts","duration":7.688300000000027,"failureMessages":[],"meta":{},"tags":[]}],"startTime":1783607480576,"endTime":1783607480661.6882,"status":"passed","message":"","name":"D:/OandO07072026/site/tests/unit/features/planner/open3d/WorkstationConfiguratorPanel.test.tsx"},{"assertionResults":[{"ancestorTitles":["workstationConfiguratorV0"],"fullName":"workstationConfiguratorV0 default draft resolves to linear with desk+pedestal+panel","status":"passed","title":"default draft resolves to linear with desk+pedestal+panel","duration":4.134700000000066,"failureMessages":[],"meta":{},"tags":[]},{"ancestorTitles":["workstationConfiguratorV0"],"fullName":"workstationConfiguratorV0 L-shape forces return module","status":"passed","title":"L-shape forces return module","duration":0.6929000000000087,"failureMessages":[],"meta":{},"tags":[]},{"ancestorTitles":["workstationConfiguratorV0"],"fullName":"workstationConfiguratorV0 size pick uses grid entry","status":"passed","title":"size pick uses grid entry","duration":1.4963999999999942,"failureMessages":[],"meta":{},"tags":[]},{"ancestorTitles":["workstationConfiguratorV0"],"fullName":"workstationConfiguratorV0 toggle pedestal off produces a non-matrix-default combo key","status":"passed","title":"toggle pedestal off produces a non-matrix-default combo key","duration":0.9729999999999563,"failureMessages":[],"meta":{},"tags":[]},{"ancestorTitles":["workstationConfiguratorV0"],"fullName":"workstationConfiguratorV0 preview exposes footprint and labels","status":"passed","title":"preview exposes footprint and labels","duration":0.9881000000000313,"failureMessages":[],"meta":{},"tags":[]},{"ancestorTitles":["workstationConfiguratorV0"],"fullName":"workstationConfiguratorV0 ignores direct desk/return toggles (shape-controlled)","status":"passed","title":"ignores direct desk/return toggles (shape-controlled)","duration":0.6286999999999807,"failureMessages":[],"meta":{},"tags":[]},{"ancestorTitles":["workstationConfiguratorV0"],"fullName":"workstationConfiguratorV0 toggle is idempotent: off then on restores module","status":"passed","title":"toggle is idempotent: off then on restores module","duration":0.6935000000000855,"failureMessages":[],"meta":{},"tags":[]},{"ancestorTitles":["workstationConfiguratorV0"],"fullName":"workstationConfiguratorV0 linear after L-shape strips return from resolved config","status":"passed","title":"linear after L-shape strips return from resolved config","duration":0.53449999999998,"failureMessages":[],"meta":{},"tags":[]},{"ancestorTitles":["workstationConfiguratorV0"],"fullName":"workstationConfiguratorV0 resolve ignores non-toggle modules and duplicates in draft","status":"passed","title":"resolve ignores non-toggle modules and duplicates in draft","duration":1.0041000000001077,"failureMessages":[],"meta":{},"tags":[]},{"ancestorTitles":["workstationConfiguratorV0"],"fullName":"workstationConfiguratorV0 takePendingWorkstationConfig is consume-once (no double place)","status":"passed","title":"takePendingWorkstationConfig is consume-once (no double place)","duration":0.5254999999999654,"failureMessages":[],"meta":{},"tags":[]},{"ancestorTitles":["workstationConfiguratorV0"],"fullName":"workstationConfiguratorV0 batch place counts are 2, 4, 10 with labels","status":"passed","title":"batch place counts are 2, 4, 10 with labels","duration":0.5570999999999913,"failureMessages":[],"meta":{},"tags":[]}],"startTime":1783607480436,"endTime":1783607480448.5571,"status":"passed","message":"","name":"D:/OandO07072026/site/tests/unit/features/planner/open3d/workstationConfiguratorV0.test.ts"},{"assertionResults":[{"ancestorTitles":["placeWorkstationConfigOnProject"],"fullName":"placeWorkstationConfigOnProject places linear 1500×600 as one furniture with footprint width/depth and box geometry","status":"passed","title":"places linear 1500×600 as one furniture with footprint width/depth and box geometry","duration":5.57510000000002,"failureMessages":[],"meta":{},"tags":[]},{"ancestorTitles":["placeWorkstationConfigOnProject"],"fullName":"placeWorkstationConfigOnProject places 3 instances via layoutWorkstationInstances coordinates","status":"passed","title":"places 3 instances via layoutWorkstationInstances coordinates","duration":1.7590999999999894,"failureMessages":[],"meta":{},"tags":[]},{"ancestorTitles":["placeWorkstationInstancesOnProject"],"fullName":"placeWorkstationInstancesOnProject places 50 instances in one batch action","status":"passed","title":"places 50 instances in one batch action","duration":4.454400000000078,"failureMessages":[],"meta":{},"tags":[]},{"ancestorTitles":["placeWorkstationInstancesOnProject"],"fullName":"placeWorkstationInstancesOnProject places configurator panel batch counts 2 / 4 / 10","status":"passed","title":"places configurator panel batch counts 2 / 4 / 10","duration":1.1336999999998625,"failureMessages":[],"meta":{},"tags":[]}],"startTime":1783607480708,"endTime":1783607480721.1338,"status":"passed","message":"","name":"D:/OandO07072026/site/tests/unit/features/planner/open3d/workstationPlacementV0.test.ts"}]}