{"total": {"lines":{"total":2352,"covered":286,"skipped":0,"pct":12.15},"statements":{"total":2689,"covered":302,"skipped":0,"pct":11.23},"functions":{"total":532,"covered":61,"skipped":0,"pct":11.46},"branches":{"total":2182,"covered":160,"skipped":0,"pct":7.33},"branchesTrue":{"total":0,"covered":0,"skipped":0,"pct":100}}
,"D:\\.grok\\worktrees\\oando07072026\\oando07072027\\site\\features\\ai\\aiAdvisor.ts": {"lines":{"total":27,"covered":0,"skipped":0,"pct":0},"functions":{"total":3,"covered":0,"skipped":0,"pct":0},"statements":{"total":41,"covered":0,"skipped":0,"pct":0},"branches":{"total":41,"covered":0,"skipped":0,"pct":0}}
,"D:\\.grok\\worktrees\\oando07072026\\oando07072027\\site\\features\\catalog\\categories.ts": {"lines":{"total":172,"covered":0,"skipped":0,"pct":0},"functions":{"total":36,"covered":0,"skipped":0,"pct":0},"statements":{"total":218,"covered":0,"skipped":0,"pct":0},"branches":{"total":257,"covered":0,"skipped":0,"pct":0}}
,"D:\\.grok\\worktrees\\oando07072026\\oando07072027\\site\\features\\catalog\\filters.ts": {"lines":{"total":43,"covered":0,"skipped":0,"pct":0},"functions":{"total":13,"covered":0,"skipped":0,"pct":0},"statements":{"total":65,"covered":0,"skipped":0,"pct":0},"branches":{"total":57,"covered":0,"skipped":0,"pct":0}}
,"D:\\.grok\\worktrees\\oando07072026\\oando07072027\\site\\features\\catalog\\getProducts.ts": {"lines":{"total":13,"covered":0,"skipped":0,"pct":0},"functions":{"total":9,"covered":0,"skipped":0,"pct":0},"statements":{"total":13,"covered":0,"skipped":0,"pct":0},"branches":{"total":0,"covered":0,"skipped":0,"pct":100}}
,"D:\\.grok\\worktrees\\oando07072026\\oando07072027\\site\\features\\catalog\\imageMetadata.ts": {"lines":{"total":70,"covered":0,"skipped":0,"pct":0},"functions":{"total":20,"covered":0,"skipped":0,"pct":0},"statements":{"total":88,"covered":0,"skipped":0,"pct":0},"branches":{"total":74,"covered":0,"skipped":0,"pct":0}}
,"D:\\.grok\\worktrees\\oando07072026\\oando07072027\\site\\features\\catalog\\slugResolver.ts": {"lines":{"total":34,"covered":0,"skipped":0,"pct":0},"functions":{"total":12,"covered":0,"skipped":0,"pct":0},"statements":{"total":40,"covered":0,"skipped":0,"pct":0},"branches":{"total":42,"covered":0,"skipped":0,"pct":0}}
,"D:\\.grok\\worktrees\\oando07072026\\oando07072027\\site\\features\\catalog\\specSchema.ts": {"lines":{"total":89,"covered":0,"skipped":0,"pct":0},"functions":{"total":21,"covered":0,"skipped":0,"pct":0},"statements":{"total":98,"covered":0,"skipped":0,"pct":0},"branches":{"total":104,"covered":0,"skipped":0,"pct":0}}
,"D:\\.grok\\worktrees\\oando07072026\\oando07072027\\site\\features\\catalog\\traits.ts": {"lines":{"total":26,"covered":0,"skipped":0,"pct":0},"functions":{"total":11,"covered":0,"skipped":0,"pct":0},"statements":{"total":36,"covered":0,"skipped":0,"pct":0},"branches":{"total":32,"covered":0,"skipped":0,"pct":0}}
,"D:\\.grok\\worktrees\\oando07072026\\oando07072027\\site\\features\\ops\\CustomerQueriesOpsPageView.tsx": {"lines":{"total":98,"covered":0,"skipped":0,"pct":0},"functions":{"total":33,"covered":0,"skipped":0,"pct":0},"statements":{"total":112,"covered":0,"skipped":0,"pct":0},"branches":{"total":92,"covered":0,"skipped":0,"pct":0}}
,"D:\\.grok\\worktrees\\oando07072026\\oando07072027\\site\\features\\shared\\analytics\\index.ts": {"lines":{"total":1,"covered":0,"skipped":0,"pct":0},"functions":{"total":0,"covered":0,"skipped":0,"pct":100},"statements":{"total":1,"covered":0,"skipped":0,"pct":0},"branches":{"total":0,"covered":0,"skipped":0,"pct":100}}
,"D:\\.grok\\worktrees\\oando07072026\\oando07072027\\site\\features\\shared\\analytics\\types.ts": {"lines":{"total":0,"covered":0,"skipped":0,"pct":100},"functions":{"total":0,"covered":0,"skipped":0,"pct":100},"statements":{"total":0,"covered":0,"skipped":0,"pct":100},"branches":{"total":0,"covered":0,"skipped":0,"pct":100}}
,"D:\\.grok\\worktrees\\oando07072026\\oando07072027\\site\\features\\shared\\api\\ApiError.ts": {"lines":{"total":21,"covered":14,"skipped":0,"pct":66.66},"functions":{"total":10,"covered":10,"skipped":0,"pct":100},"statements":{"total":23,"covered":16,"skipped":0,"pct":69.56},"branches":{"total":16,"covered":8,"skipped":0,"pct":50}}
,"D:\\.grok\\worktrees\\oando07072026\\oando07072027\\site\\features\\shared\\api\\apiResponse.ts": {"lines":{"total":17,"covered":17,"skipped":0,"pct":100},"functions":{"total":6,"covered":6,"skipped":0,"pct":100},"statements":{"total":21,"covered":20,"skipped":0,"pct":95.23},"branches":{"total":15,"covered":13,"skipped":0,"pct":86.66}}
,"D:\\.grok\\worktrees\\oando07072026\\oando07072027\\site\\features\\shared\\api\\routeObservability.ts": {"lines":{"total":11,"covered":11,"skipped":0,"pct":100},"functions":{"total":2,"covered":2,"skipped":0,"pct":100},"statements":{"total":11,"covered":11,"skipped":0,"pct":100},"branches":{"total":4,"covered":4,"skipped":0,"pct":100}}
,"D:\\.grok\\worktrees\\oando07072026\\oando07072027\\site\\features\\shared\\api\\schemas.ts": {"lines":{"total":40,"covered":38,"skipped":0,"pct":95},"functions":{"total":3,"covered":1,"skipped":0,"pct":33.33},"statements":{"total":40,"covered":38,"skipped":0,"pct":95},"branches":{"total":6,"covered":0,"skipped":0,"pct":0}}
,"D:\\.grok\\worktrees\\oando07072026\\oando07072027\\site\\features\\shared\\api\\withAuth.ts": {"lines":{"total":44,"covered":39,"skipped":0,"pct":88.63},"functions":{"total":5,"covered":5,"skipped":0,"pct":100},"statements":{"total":47,"covered":42,"skipped":0,"pct":89.36},"branches":{"total":41,"covered":34,"skipped":0,"pct":82.92}}
,"D:\\.grok\\worktrees\\oando07072026\\oando07072027\\site\\features\\shared\\auth\\index.ts": {"lines":{"total":1,"covered":0,"skipped":0,"pct":0},"functions":{"total":0,"covered":0,"skipped":0,"pct":100},"statements":{"total":1,"covered":0,"skipped":0,"pct":0},"branches":{"total":0,"covered":0,"skipped":0,"pct":100}}
,"D:\\.grok\\worktrees\\oando07072026\\oando07072027\\site\\features\\shared\\auth\\types.ts": {"lines":{"total":0,"covered":0,"skipped":0,"pct":100},"functions":{"total":0,"covered":0,"skipped":0,"pct":100},"statements":{"total":0,"covered":0,"skipped":0,"pct":100},"branches":{"total":0,"covered":0,"skipped":0,"pct":100}}
,"D:\\.grok\\worktrees\\oando07072026\\oando07072027\\site\\features\\shared\\auth\\components\\AuthControls.tsx": {"lines":{"total":9,"covered":0,"skipped":0,"pct":0},"functions":{"total":3,"covered":0,"skipped":0,"pct":0},"statements":{"total":9,"covered":0,"skipped":0,"pct":0},"branches":{"total":10,"covered":0,"skipped":0,"pct":0}}
,"D:\\.grok\\worktrees\\oando07072026\\oando07072027\\site\\features\\shared\\auth\\components\\AuthShell.tsx": {"lines":{"total":6,"covered":0,"skipped":0,"pct":0},"functions":{"total":5,"covered":0,"skipped":0,"pct":0},"statements":{"total":6,"covered":0,"skipped":0,"pct":0},"branches":{"total":2,"covered":0,"skipped":0,"pct":0}}
,"D:\\.grok\\worktrees\\oando07072026\\oando07072027\\site\\features\\shared\\auth\\components\\LoginPage.tsx": {"lines":{"total":34,"covered":0,"skipped":0,"pct":0},"functions":{"total":7,"covered":0,"skipped":0,"pct":0},"statements":{"total":34,"covered":0,"skipped":0,"pct":0},"branches":{"total":16,"covered":0,"skipped":0,"pct":0}}
,"D:\\.grok\\worktrees\\oando07072026\\oando07072027\\site\\features\\shared\\auth\\components\\ResendVerificationButton.tsx": {"lines":{"total":11,"covered":0,"skipped":0,"pct":0},"functions":{"total":2,"covered":0,"skipped":0,"pct":0},"statements":{"total":11,"covered":0,"skipped":0,"pct":0},"branches":{"total":6,"covered":0,"skipped":0,"pct":0}}
,"D:\\.grok\\worktrees\\oando07072026\\oando07072027\\site\\features\\shared\\auth\\components\\SignupPage.tsx": {"lines":{"total":43,"covered":0,"skipped":0,"pct":0},"functions":{"total":6,"covered":0,"skipped":0,"pct":0},"statements":{"total":44,"covered":0,"skipped":0,"pct":0},"branches":{"total":24,"covered":0,"skipped":0,"pct":0}}
,"D:\\.grok\\worktrees\\oando07072026\\oando07072027\\site\\features\\shared\\auth\\components\\SuspendedPage.tsx": {"lines":{"total":1,"covered":0,"skipped":0,"pct":0},"functions":{"total":1,"covered":0,"skipped":0,"pct":0},"statements":{"total":1,"covered":0,"skipped":0,"pct":0},"branches":{"total":0,"covered":0,"skipped":0,"pct":100}}
,"D:\\.grok\\worktrees\\oando07072026\\oando07072027\\site\\features\\shared\\auth\\lib\\AuthProvider.tsx": {"lines":{"total":21,"covered":0,"skipped":0,"pct":0},"functions":{"total":7,"covered":0,"skipped":0,"pct":0},"statements":{"total":24,"covered":0,"skipped":0,"pct":0},"branches":{"total":18,"covered":0,"skipped":0,"pct":0}}
,"D:\\.grok\\worktrees\\oando07072026\\oando07072027\\site\\features\\shared\\auth\\lib\\humanizeAuthError.ts": {"lines":{"total":12,"covered":0,"skipped":0,"pct":0},"functions":{"total":4,"covered":0,"skipped":0,"pct":0},"statements":{"total":14,"covered":0,"skipped":0,"pct":0},"branches":{"total":22,"covered":0,"skipped":0,"pct":0}}
,"D:\\.grok\\worktrees\\oando07072026\\oando07072027\\site\\features\\shared\\auth\\lib\\session.ts": {"lines":{"total":0,"covered":0,"skipped":0,"pct":100},"functions":{"total":0,"covered":0,"skipped":0,"pct":100},"statements":{"total":0,"covered":0,"skipped":0,"pct":100},"branches":{"total":0,"covered":0,"skipped":0,"pct":100}}
,"D:\\.grok\\worktrees\\oando07072026\\oando07072027\\site\\features\\shared\\auth\\lib\\useDocumentTitle.ts": {"lines":{"total":7,"covered":0,"skipped":0,"pct":0},"functions":{"total":3,"covered":0,"skipped":0,"pct":0},"statements":{"total":8,"covered":0,"skipped":0,"pct":0},"branches":{"total":2,"covered":0,"skipped":0,"pct":0}}
,"D:\\.grok\\worktrees\\oando07072026\\oando07072027\\site\\features\\shared\\catalog\\index.ts": {"lines":{"total":1,"covered":0,"skipped":0,"pct":0},"functions":{"total":0,"covered":0,"skipped":0,"pct":100},"statements":{"total":1,"covered":0,"skipped":0,"pct":0},"branches":{"total":0,"covered":0,"skipped":0,"pct":100}}
,"D:\\.grok\\worktrees\\oando07072026\\oando07072027\\site\\features\\shared\\catalog\\types.ts": {"lines":{"total":0,"covered":0,"skipped":0,"pct":100},"functions":{"total":0,"covered":0,"skipped":0,"pct":100},"statements":{"total":0,"covered":0,"skipped":0,"pct":100},"branches":{"total":0,"covered":0,"skipped":0,"pct":100}}
,"D:\\.grok\\worktrees\\oando07072026\\oando07072027\\site\\features\\shared\\components\\GuestBadge.tsx": {"lines":{"total":1,"covered":0,"skipped":0,"pct":0},"functions":{"total":1,"covered":0,"skipped":0,"pct":0},"statements":{"total":1,"covered":0,"skipped":0,"pct":0},"branches":{"total":0,"covered":0,"skipped":0,"pct":100}}
,"D:\\.grok\\worktrees\\oando07072026\\oando07072027\\site\\features\\shared\\components\\RestrictedActionButton.tsx": {"lines":{"total":2,"covered":0,"skipped":0,"pct":0},"functions":{"total":1,"covered":0,"skipped":0,"pct":0},"statements":{"total":2,"covered":0,"skipped":0,"pct":0},"branches":{"total":2,"covered":0,"skipped":0,"pct":0}}
,"D:\\.grok\\worktrees\\oando07072026\\oando07072027\\site\\features\\shared\\crm\\index.ts": {"lines":{"total":1,"covered":0,"skipped":0,"pct":0},"functions":{"total":0,"covered":0,"skipped":0,"pct":100},"statements":{"total":1,"covered":0,"skipped":0,"pct":0},"branches":{"total":0,"covered":0,"skipped":0,"pct":100}}
,"D:\\.grok\\worktrees\\oando07072026\\oando07072027\\site\\features\\shared\\crm\\types.ts": {"lines":{"total":0,"covered":0,"skipped":0,"pct":100},"functions":{"total":0,"covered":0,"skipped":0,"pct":100},"statements":{"total":0,"covered":0,"skipped":0,"pct":100},"branches":{"total":0,"covered":0,"skipped":0,"pct":100}}
,"D:\\.grok\\worktrees\\oando07072026\\oando07072027\\site\\features\\shared\\dashboard\\DashboardClient.tsx": {"lines":{"total":28,"covered":0,"skipped":0,"pct":0},"functions":{"total":11,"covered":0,"skipped":0,"pct":0},"statements":{"total":31,"covered":0,"skipped":0,"pct":0},"branches":{"total":18,"covered":0,"skipped":0,"pct":0}}
,"D:\\.grok\\worktrees\\oando07072026\\oando07072027\\site\\features\\shared\\dashboard\\workspaceHub.ts": {"lines":{"total":1,"covered":0,"skipped":0,"pct":0},"functions":{"total":0,"covered":0,"skipped":0,"pct":100},"statements":{"total":1,"covered":0,"skipped":0,"pct":0},"branches":{"total":0,"covered":0,"skipped":0,"pct":100}}
,"D:\\.grok\\worktrees\\oando07072026\\oando07072027\\site\\features\\shared\\entry\\AccessPage.tsx": {"lines":{"total":3,"covered":0,"skipped":0,"pct":0},"functions":{"total":2,"covered":0,"skipped":0,"pct":0},"statements":{"total":3,"covered":0,"skipped":0,"pct":0},"branches":{"total":0,"covered":0,"skipped":0,"pct":100}}
,"D:\\.grok\\worktrees\\oando07072026\\oando07072027\\site\\features\\shared\\entry\\ChooseProductPage.tsx": {"lines":{"total":7,"covered":0,"skipped":0,"pct":0},"functions":{"total":2,"covered":0,"skipped":0,"pct":0},"statements":{"total":7,"covered":0,"skipped":0,"pct":0},"branches":{"total":10,"covered":0,"skipped":0,"pct":0}}
,"D:\\.grok\\worktrees\\oando07072026\\oando07072027\\site\\features\\shared\\entry\\OpenAssistantButton.tsx": {"lines":{"total":3,"covered":0,"skipped":0,"pct":0},"functions":{"total":2,"covered":0,"skipped":0,"pct":0},"statements":{"total":3,"covered":0,"skipped":0,"pct":0},"branches":{"total":0,"covered":0,"skipped":0,"pct":100}}
,"D:\\.grok\\worktrees\\oando07072026\\oando07072027\\site\\features\\shared\\entry\\ProductEntryPage.tsx": {"lines":{"total":3,"covered":0,"skipped":0,"pct":0},"functions":{"total":3,"covered":0,"skipped":0,"pct":0},"statements":{"total":3,"covered":0,"skipped":0,"pct":0},"branches":{"total":8,"covered":0,"skipped":0,"pct":0}}
,"D:\\.grok\\worktrees\\oando07072026\\oando07072027\\site\\features\\shared\\entry\\SuiteLoginPage.tsx": {"lines":{"total":1,"covered":0,"skipped":0,"pct":0},"functions":{"total":1,"covered":0,"skipped":0,"pct":0},"statements":{"total":1,"covered":0,"skipped":0,"pct":0},"branches":{"total":4,"covered":0,"skipped":0,"pct":0}}
,"D:\\.grok\\worktrees\\oando07072026\\oando07072027\\site\\features\\shared\\quotes\\index.ts": {"lines":{"total":1,"covered":0,"skipped":0,"pct":0},"functions":{"total":0,"covered":0,"skipped":0,"pct":100},"statements":{"total":1,"covered":0,"skipped":0,"pct":0},"branches":{"total":0,"covered":0,"skipped":0,"pct":100}}
,"D:\\.grok\\worktrees\\oando07072026\\oando07072027\\site\\features\\shared\\quotes\\types.ts": {"lines":{"total":0,"covered":0,"skipped":0,"pct":100},"functions":{"total":0,"covered":0,"skipped":0,"pct":100},"statements":{"total":0,"covered":0,"skipped":0,"pct":100},"branches":{"total":0,"covered":0,"skipped":0,"pct":100}}
,"D:\\.grok\\worktrees\\oando07072026\\oando07072027\\site\\features\\shared\\shell\\GlobalNavHeader.tsx": {"lines":{"total":6,"covered":0,"skipped":0,"pct":0},"functions":{"total":2,"covered":0,"skipped":0,"pct":0},"statements":{"total":6,"covered":0,"skipped":0,"pct":0},"branches":{"total":13,"covered":0,"skipped":0,"pct":0}}
,"D:\\.grok\\worktrees\\oando07072026\\oando07072027\\site\\features\\site-assistant\\AdvancedBot.tsx": {"lines":{"total":74,"covered":54,"skipped":0,"pct":72.97},"functions":{"total":24,"covered":15,"skipped":0,"pct":62.5},"statements":{"total":80,"covered":56,"skipped":0,"pct":70},"branches":{"total":68,"covered":42,"skipped":0,"pct":61.76}}
,"D:\\.grok\\worktrees\\oando07072026\\oando07072027\\site\\features\\site-assistant\\DynamicBotWrapper.tsx": {"lines":{"total":4,"covered":3,"skipped":0,"pct":75},"functions":{"total":3,"covered":1,"skipped":0,"pct":33.33},"statements":{"total":5,"covered":3,"skipped":0,"pct":60},"branches":{"total":0,"covered":0,"skipped":0,"pct":100}}
,"D:\\.grok\\worktrees\\oando07072026\\oando07072027\\site\\features\\site-assistant\\UnifiedAssistant.tsx": {"lines":{"total":209,"covered":80,"skipped":0,"pct":38.27},"functions":{"total":66,"covered":16,"skipped":0,"pct":24.24},"statements":{"total":241,"covered":84,"skipped":0,"pct":34.85},"branches":{"total":198,"covered":47,"skipped":0,"pct":23.73}}
,"D:\\.grok\\worktrees\\oando07072026\\oando07072027\\site\\lib\\catalog\\adapters.ts": {"lines":{"total":23,"covered":0,"skipped":0,"pct":0},"functions":{"total":6,"covered":0,"skipped":0,"pct":0},"statements":{"total":25,"covered":0,"skipped":0,"pct":0},"branches":{"total":46,"covered":0,"skipped":0,"pct":0}}
,"D:\\.grok\\worktrees\\oando07072026\\oando07072027\\site\\lib\\catalog\\blocks2d.ts": {"lines":{"total":346,"covered":0,"skipped":0,"pct":0},"functions":{"total":35,"covered":0,"skipped":0,"pct":0},"statements":{"total":382,"covered":0,"skipped":0,"pct":0},"branches":{"total":267,"covered":0,"skipped":0,"pct":0}}
,"D:\\.grok\\worktrees\\oando07072026\\oando07072027\\site\\lib\\catalog\\catalogDrizzle.ts": {"lines":{"total":72,"covered":0,"skipped":0,"pct":0},"functions":{"total":18,"covered":0,"skipped":0,"pct":0},"statements":{"total":85,"covered":0,"skipped":0,"pct":0},"branches":{"total":70,"covered":0,"skipped":0,"pct":0}}
,"D:\\.grok\\worktrees\\oando07072026\\oando07072027\\site\\lib\\catalog\\catalogFallbackResolver.ts": {"lines":{"total":4,"covered":4,"skipped":0,"pct":100},"functions":{"total":2,"covered":2,"skipped":0,"pct":100},"statements":{"total":5,"covered":5,"skipped":0,"pct":100},"branches":{"total":2,"covered":2,"skipped":0,"pct":100}}
,"D:\\.grok\\worktrees\\oando07072026\\oando07072027\\site\\lib\\catalog\\catalogSnapshotConstants.ts": {"lines":{"total":1,"covered":1,"skipped":0,"pct":100},"functions":{"total":0,"covered":0,"skipped":0,"pct":100},"statements":{"total":1,"covered":1,"skipped":0,"pct":100},"branches":{"total":0,"covered":0,"skipped":0,"pct":100}}
,"D:\\.grok\\worktrees\\oando07072026\\oando07072027\\site\\lib\\catalog\\catalogSnapshotR2.ts": {"lines":{"total":17,"covered":16,"skipped":0,"pct":94.11},"functions":{"total":3,"covered":3,"skipped":0,"pct":100},"statements":{"total":19,"covered":17,"skipped":0,"pct":89.47},"branches":{"total":12,"covered":10,"skipped":0,"pct":83.33}}
,"D:\\.grok\\worktrees\\oando07072026\\oando07072027\\site\\lib\\catalog\\catalogTree.ts": {"lines":{"total":85,"covered":0,"skipped":0,"pct":0},"functions":{"total":7,"covered":0,"skipped":0,"pct":0},"statements":{"total":92,"covered":0,"skipped":0,"pct":0},"branches":{"total":63,"covered":0,"skipped":0,"pct":0}}
,"D:\\.grok\\worktrees\\oando07072026\\oando07072027\\site\\lib\\catalog\\configuratorCatalog.ts": {"lines":{"total":5,"covered":0,"skipped":0,"pct":0},"functions":{"total":2,"covered":0,"skipped":0,"pct":0},"statements":{"total":5,"covered":0,"skipped":0,"pct":0},"branches":{"total":52,"covered":0,"skipped":0,"pct":0}}
,"D:\\.grok\\worktrees\\oando07072026\\oando07072027\\site\\lib\\catalog\\configuratorCatalogPayload.ts": {"lines":{"total":33,"covered":1,"skipped":0,"pct":3.03},"functions":{"total":8,"covered":0,"skipped":0,"pct":0},"statements":{"total":37,"covered":1,"skipped":0,"pct":2.7},"branches":{"total":58,"covered":0,"skipped":0,"pct":0}}
,"D:\\.grok\\worktrees\\oando07072026\\oando07072027\\site\\lib\\catalog\\fallback.ts": {"lines":{"total":25,"covered":0,"skipped":0,"pct":0},"functions":{"total":5,"covered":0,"skipped":0,"pct":0},"statements":{"total":30,"covered":0,"skipped":0,"pct":0},"branches":{"total":39,"covered":0,"skipped":0,"pct":0}}
,"D:\\.grok\\worktrees\\oando07072026\\oando07072027\\site\\lib\\catalog\\geometry.ts": {"lines":{"total":25,"covered":0,"skipped":0,"pct":0},"functions":{"total":6,"covered":0,"skipped":0,"pct":0},"statements":{"total":27,"covered":0,"skipped":0,"pct":0},"branches":{"total":36,"covered":0,"skipped":0,"pct":0}}
,"D:\\.grok\\worktrees\\oando07072026\\oando07072027\\site\\lib\\catalog\\productStaticParams.ts": {"lines":{"total":64,"covered":0,"skipped":0,"pct":0},"functions":{"total":7,"covered":0,"skipped":0,"pct":0},"statements":{"total":77,"covered":0,"skipped":0,"pct":0},"branches":{"total":97,"covered":0,"skipped":0,"pct":0}}
,"D:\\.grok\\worktrees\\oando07072026\\oando07072027\\site\\lib\\catalog\\resolveBlockColors.ts": {"lines":{"total":68,"covered":0,"skipped":0,"pct":0},"functions":{"total":9,"covered":0,"skipped":0,"pct":0},"statements":{"total":81,"covered":0,"skipped":0,"pct":0},"branches":{"total":53,"covered":0,"skipped":0,"pct":0}}
,"D:\\.grok\\worktrees\\oando07072026\\oando07072027\\site\\lib\\catalog\\sources.ts": {"lines":{"total":34,"covered":0,"skipped":0,"pct":0},"functions":{"total":14,"covered":0,"skipped":0,"pct":0},"statements":{"total":47,"covered":0,"skipped":0,"pct":0},"branches":{"total":26,"covered":0,"skipped":0,"pct":0}}
,"D:\\.grok\\worktrees\\oando07072026\\oando07072027\\site\\lib\\catalog\\surface2d5.ts": {"lines":{"total":14,"covered":0,"skipped":0,"pct":0},"functions":{"total":3,"covered":0,"skipped":0,"pct":0},"statements":{"total":14,"covered":0,"skipped":0,"pct":0},"branches":{"total":0,"covered":0,"skipped":0,"pct":100}}
,"D:\\.grok\\worktrees\\oando07072026\\oando07072027\\site\\lib\\catalog\\types.ts": {"lines":{"total":0,"covered":0,"skipped":0,"pct":100},"functions":{"total":0,"covered":0,"skipped":0,"pct":100},"statements":{"total":0,"covered":0,"skipped":0,"pct":100},"branches":{"total":0,"covered":0,"skipped":0,"pct":100}}
,"D:\\.grok\\worktrees\\oando07072026\\oando07072027\\site\\lib\\catalog\\seed\\oandoCatalog.ts": {"lines":{"total":17,"covered":0,"skipped":0,"pct":0},"functions":{"total":5,"covered":0,"skipped":0,"pct":0},"statements":{"total":18,"covered":0,"skipped":0,"pct":0},"branches":{"total":3,"covered":0,"skipped":0,"pct":0}}
,"D:\\.grok\\worktrees\\oando07072026\\oando07072027\\site\\lib\\configurator\\smartWizard.impl.ts": {"lines":{"total":80,"covered":0,"skipped":0,"pct":0},"functions":{"total":20,"covered":0,"skipped":0,"pct":0},"statements":{"total":89,"covered":0,"skipped":0,"pct":0},"branches":{"total":77,"covered":0,"skipped":0,"pct":0}}
,"D:\\.grok\\worktrees\\oando07072026\\oando07072027\\site\\lib\\configurator\\smartWizard.ts": {"lines":{"total":0,"covered":0,"skipped":0,"pct":100},"functions":{"total":0,"covered":0,"skipped":0,"pct":100},"statements":{"total":0,"covered":0,"skipped":0,"pct":100},"branches":{"total":0,"covered":0,"skipped":0,"pct":100}}
,"D:\\.grok\\worktrees\\oando07072026\\oando07072027\\site\\lib\\configurator\\smartWizardCatalog.ts": {"lines":{"total":4,"covered":0,"skipped":0,"pct":0},"functions":{"total":2,"covered":0,"skipped":0,"pct":0},"statements":{"total":4,"covered":0,"skipped":0,"pct":0},"branches":{"total":0,"covered":0,"skipped":0,"pct":100}}
,"D:\\.grok\\worktrees\\oando07072026\\oando07072027\\site\\lib\\configurator\\smartWizardConstants.ts": {"lines":{"total":25,"covered":0,"skipped":0,"pct":0},"functions":{"total":1,"covered":0,"skipped":0,"pct":0},"statements":{"total":27,"covered":0,"skipped":0,"pct":0},"branches":{"total":6,"covered":0,"skipped":0,"pct":0}}
,"D:\\.grok\\worktrees\\oando07072026\\oando07072027\\site\\lib\\site-data\\assistant.ts": {"lines":{"total":12,"covered":8,"skipped":0,"pct":66.66},"functions":{"total":4,"covered":0,"skipped":0,"pct":0},"statements":{"total":12,"covered":8,"skipped":0,"pct":66.66},"branches":{"total":0,"covered":0,"skipped":0,"pct":100}}
,"D:\\.grok\\worktrees\\oando07072026\\oando07072027\\site\\lib\\site-data\\brand.ts": {"lines":{"total":1,"covered":0,"skipped":0,"pct":0},"functions":{"total":0,"covered":0,"skipped":0,"pct":100},"statements":{"total":1,"covered":0,"skipped":0,"pct":0},"branches":{"total":0,"covered":0,"skipped":0,"pct":100}}
,"D:\\.grok\\worktrees\\oando07072026\\oando07072027\\site\\lib\\site-data\\clientLogos.ts": {"lines":{"total":3,"covered":0,"skipped":0,"pct":0},"functions":{"total":1,"covered":0,"skipped":0,"pct":0},"statements":{"total":4,"covered":0,"skipped":0,"pct":0},"branches":{"total":2,"covered":0,"skipped":0,"pct":0}}
,"D:\\.grok\\worktrees\\oando07072026\\oando07072027\\site\\lib\\site-data\\contact.ts": {"lines":{"total":16,"covered":0,"skipped":0,"pct":0},"functions":{"total":4,"covered":0,"skipped":0,"pct":0},"statements":{"total":18,"covered":0,"skipped":0,"pct":0},"branches":{"total":9,"covered":0,"skipped":0,"pct":0}}
,"D:\\.grok\\worktrees\\oando07072026\\oando07072027\\site\\lib\\site-data\\fallbacks.ts": {"lines":{"total":4,"covered":0,"skipped":0,"pct":0},"functions":{"total":0,"covered":0,"skipped":0,"pct":100},"statements":{"total":4,"covered":0,"skipped":0,"pct":0},"branches":{"total":0,"covered":0,"skipped":0,"pct":100}}
,"D:\\.grok\\worktrees\\oando07072026\\oando07072027\\site\\lib\\site-data\\heroCarousel.ts": {"lines":{"total":1,"covered":0,"skipped":0,"pct":0},"functions":{"total":0,"covered":0,"skipped":0,"pct":100},"statements":{"total":1,"covered":0,"skipped":0,"pct":0},"branches":{"total":0,"covered":0,"skipped":0,"pct":100}}
,"D:\\.grok\\worktrees\\oando07072026\\oando07072027\\site\\lib\\site-data\\homepage.ts": {"lines":{"total":20,"covered":0,"skipped":0,"pct":0},"functions":{"total":0,"covered":0,"skipped":0,"pct":100},"statements":{"total":20,"covered":0,"skipped":0,"pct":0},"branches":{"total":0,"covered":0,"skipped":0,"pct":100}}
,"D:\\.grok\\worktrees\\oando07072026\\oando07072027\\site\\lib\\site-data\\marketing.ts": {"lines":{"total":3,"covered":0,"skipped":0,"pct":0},"functions":{"total":0,"covered":0,"skipped":0,"pct":100},"statements":{"total":3,"covered":0,"skipped":0,"pct":0},"branches":{"total":0,"covered":0,"skipped":0,"pct":100}}
,"D:\\.grok\\worktrees\\oando07072026\\oando07072027\\site\\lib\\site-data\\navigation.ts": {"lines":{"total":16,"covered":0,"skipped":0,"pct":0},"functions":{"total":5,"covered":0,"skipped":0,"pct":0},"statements":{"total":18,"covered":0,"skipped":0,"pct":0},"branches":{"total":6,"covered":0,"skipped":0,"pct":0}}
,"D:\\.grok\\worktrees\\oando07072026\\oando07072027\\site\\lib\\site-data\\productSuite.ts": {"lines":{"total":1,"covered":0,"skipped":0,"pct":0},"functions":{"total":0,"covered":0,"skipped":0,"pct":100},"statements":{"total":1,"covered":0,"skipped":0,"pct":0},"branches":{"total":0,"covered":0,"skipped":0,"pct":100}}
,"D:\\.grok\\worktrees\\oando07072026\\oando07072027\\site\\lib\\site-data\\proof.ts": {"lines":{"total":2,"covered":0,"skipped":0,"pct":0},"functions":{"total":0,"covered":0,"skipped":0,"pct":100},"statements":{"total":2,"covered":0,"skipped":0,"pct":0},"branches":{"total":0,"covered":0,"skipped":0,"pct":100}}
,"D:\\.grok\\worktrees\\oando07072026\\oando07072027\\site\\lib\\site-data\\routeChromeRules.ts": {"lines":{"total":35,"covered":0,"skipped":0,"pct":0},"functions":{"total":12,"covered":0,"skipped":0,"pct":0},"statements":{"total":46,"covered":0,"skipped":0,"pct":0},"branches":{"total":36,"covered":0,"skipped":0,"pct":0}}
,"D:\\.grok\\worktrees\\oando07072026\\oando07072027\\site\\lib\\site-data\\routeCopy.ts": {"lines":{"total":37,"covered":0,"skipped":0,"pct":0},"functions":{"total":0,"covered":0,"skipped":0,"pct":100},"statements":{"total":37,"covered":0,"skipped":0,"pct":0},"branches":{"total":0,"covered":0,"skipped":0,"pct":100}}
,"D:\\.grok\\worktrees\\oando07072026\\oando07072027\\site\\lib\\site-data\\routeMetadata.ts": {"lines":{"total":28,"covered":0,"skipped":0,"pct":0},"functions":{"total":0,"covered":0,"skipped":0,"pct":100},"statements":{"total":28,"covered":0,"skipped":0,"pct":0},"branches":{"total":0,"covered":0,"skipped":0,"pct":100}}
,"D:\\.grok\\worktrees\\oando07072026\\oando07072027\\site\\lib\\site-data\\seo.ts": {"lines":{"total":34,"covered":0,"skipped":0,"pct":0},"functions":{"total":13,"covered":0,"skipped":0,"pct":0},"statements":{"total":35,"covered":0,"skipped":0,"pct":0},"branches":{"total":20,"covered":0,"skipped":0,"pct":0}}
,"D:\\.grok\\worktrees\\oando07072026\\oando07072027\\site\\lib\\site-data\\support.ts": {"lines":{"total":1,"covered":0,"skipped":0,"pct":0},"functions":{"total":0,"covered":0,"skipped":0,"pct":100},"statements":{"total":1,"covered":0,"skipped":0,"pct":0},"branches":{"total":0,"covered":0,"skipped":0,"pct":100}}
}
